[2017-09-09 19:54:44] task_log.INFO: Reconcile Web Forwards - Routes: 1 [] []
[2017-09-09 19:54:45] task_log.INFO: Reconcile Web Forwards - Route not found trashing. [] []
[2017-09-09 19:54:45] task_log.INFO: Reconcile Web Forwards - Route deleted from mail, removing local. [] []
[2017-09-09 20:02:30] task_log.INFO: Reconcile Web Forwards - Routes: 1 [] []
[2017-09-09 20:02:30] task_log.INFO: Reconcile Web Forwards - Route local update: Quick-test-Apache-PHP7 [] []
[2017-09-09 20:02:30] task_log.INFO: Reconcile Web Forwards - Route good updating local upstream: Quick-test-Apache-PHP7 [] []
[2017-09-09 20:02:30] task_log.INFO: Reconcile Web Forwards - Storing local route: Quick-test-Apache-PHP7 [] []
[2017-09-09 20:10:17] task_log.INFO: Reconcile Web Forwards - Routes: 1 [] []
[2017-09-09 20:10:17] task_log.INFO: Reconcile Web Forwards - Route local update: ssss [] []
[2017-09-09 20:10:17] task_log.INFO: Reconcile Web Forwards - Route good updating local upstream: ssss [] []
[2017-09-09 20:10:17] task_log.INFO: Reconcile Web Forwards - Storing local route: ssss [] []
[2017-09-09 20:30:49] task_log.INFO: Reconcile Web Forwards - Routes: 1 [] []
[2017-09-09 20:30:49] task_log.INFO: Reconcile Web Forwards - Route local update: llll [] []
[2017-09-09 20:30:49] task_log.INFO: Reconcile Web Forwards - Route good updating local upstream: llll [] []
[2017-09-09 20:30:49] task_log.INFO: Reconcile Web Forwards - Storing local route: llll [] []
[2017-09-09 20:39:36] task_log.INFO: Reconcile Web Forwards - Routes: 1 [] []
[2017-09-09 20:39:36] task_log.INFO: Reconcile Web Forwards - Route local update: xyz [] []
[2017-09-09 20:39:36] task_log.INFO: Reconcile Web Forwards - Route good updating local upstream: xyz [] []
[2017-09-09 20:39:36] task_log.INFO: Reconcile Web Forwards - Storing local route: xyz [] []
[2017-09-09 20:47:25] task_log.INFO: Reconcile Web Forwards - Routes: 2 [] []
[2017-09-09 20:47:25] task_log.INFO: Reconcile Web Forwards - Route not found trashing: xyz [] []
[2017-09-09 20:47:25] task_log.INFO: Reconcile Web Forwards - Route deleted from main, removing local: xyz [] []
[2017-09-09 20:47:25] task_log.INFO: Reconcile Web Forwards - Route local update: WordPress [] []
[2017-09-09 20:47:25] task_log.INFO: Reconcile Web Forwards - Route good updating local upstream: WordPress [] []
[2017-09-09 20:47:25] task_log.INFO: Reconcile Web Forwards - Storing local route: WordPress [] []
[2017-09-09 20:57:05] task_log.INFO: Reconcile Web Forwards - Routes: 1 [] []
[2017-09-09 20:57:05] task_log.INFO: Reconcile Web Forwards - Route local update: Fork-Bomb-Test [] []
[2017-09-09 20:57:05] task_log.INFO: Reconcile Web Forwards - Route good updating local upstream: Fork-Bomb-Test [] []
[2017-09-09 20:57:05] task_log.INFO: Reconcile Web Forwards - Storing local route: Fork-Bomb-Test [] []
[2017-09-09 21:57:10] task_log.INFO: Reconcile Web Forwards - Routes: 1 [] []
[2017-09-09 21:57:10] task_log.INFO: Reconcile Web Forwards - Route local update: Fill-Drive-Attack [] []
[2017-09-09 21:57:10] task_log.INFO: Reconcile Web Forwards - Route good updating local upstream: Fill-Drive-Attack [] []
[2017-09-09 21:57:10] task_log.INFO: Reconcile Web Forwards - Storing local route: Fill-Drive-Attack [] []
[2017-09-09 22:52:00] task_log.INFO: Reconcile Web Forwards - Routes: 1 [] []
[2017-09-09 22:52:00] task_log.INFO: Reconcile Web Forwards - Route local update: mem [] []
[2017-09-09 22:52:00] task_log.INFO: Reconcile Web Forwards - Route good updating local upstream: mem [] []
[2017-09-09 22:52:00] task_log.INFO: Reconcile Web Forwards - Storing local route: mem [] []
[2017-09-09 23:18:20] task_log.INFO: Reconcile Web Forwards - Routes: 1 [] []
[2017-09-09 23:18:20] task_log.INFO: Reconcile Web Forwards - Route local update: Fork [] []
[2017-09-09 23:18:20] task_log.INFO: Reconcile Web Forwards - Route remote still has 127.0.0.1 IP: Fork [] []
[2017-09-09 23:18:20] task_log.INFO: Reconcile Web Forwards - Storing local route: Fork [] []
[2017-09-09 23:20:14] task_log.INFO: Reconcile Web Forwards - Routes: 1 [] []
[2017-09-09 23:20:14] task_log.INFO: Reconcile Web Forwards - Route local update: Fork [] []
[2017-09-09 23:20:14] task_log.INFO: Reconcile Web Forwards - Route remote still has 127.0.0.1 IP: Fork [] []
[2017-09-09 23:20:14] task_log.INFO: Reconcile Web Forwards - Storing local route: Fork [] []
[2017-09-09 23:22:13] task_log.INFO: Reconcile Web Forwards - Routes: 1 [] []
[2017-09-09 23:22:13] task_log.INFO: Reconcile Web Forwards - Route local update: Fork [] []
[2017-09-09 23:22:13] task_log.INFO: Reconcile Web Forwards - Route remote still has 127.0.0.1 IP: Fork [] []
[2017-09-09 23:22:13] task_log.INFO: Reconcile Web Forwards - Storing local route: Fork [] []
[2017-09-09 23:24:08] task_log.INFO: Reconcile Web Forwards - Routes: 1 [] []
[2017-09-09 23:24:08] task_log.INFO: Reconcile Web Forwards - Route local update: Fork [] []
[2017-09-09 23:24:08] task_log.INFO: Reconcile Web Forwards - Route remote still has 127.0.0.1 IP: Fork [] []
[2017-09-09 23:24:08] task_log.INFO: Reconcile Web Forwards - Storing local route: Fork [] []
[2017-09-09 23:26:00] task_log.INFO: Reconcile Web Forwards - Routes: 1 [] []
[2017-09-09 23:26:00] task_log.INFO: Reconcile Web Forwards - Route local update: Fork [] []
[2017-09-09 23:26:00] task_log.INFO: Reconcile Web Forwards - Route remote still has 127.0.0.1 IP: Fork [] []
[2017-09-09 23:26:00] task_log.INFO: Reconcile Web Forwards - Storing local route: Fork [] []
[2017-09-09 23:27:51] task_log.INFO: Reconcile Web Forwards - Routes: 1 [] []
[2017-09-09 23:27:51] task_log.INFO: Reconcile Web Forwards - Route local update: Fork [] []
[2017-09-09 23:27:51] task_log.INFO: Reconcile Web Forwards - Route remote still has 127.0.0.1 IP: Fork [] []
[2017-09-09 23:27:51] task_log.INFO: Reconcile Web Forwards - Storing local route: Fork [] []
[2017-09-09 23:29:47] task_log.INFO: Reconcile Web Forwards - Routes: 1 [] []
[2017-09-09 23:29:47] task_log.INFO: Reconcile Web Forwards - Route local update: Fork [] []
[2017-09-09 23:29:47] task_log.INFO: Reconcile Web Forwards - Route remote still has 127.0.0.1 IP: Fork [] []
[2017-09-09 23:29:47] task_log.INFO: Reconcile Web Forwards - Storing local route: Fork [] []
[2017-09-09 23:31:44] task_log.INFO: Reconcile Web Forwards - Routes: 1 [] []
[2017-09-09 23:31:45] task_log.INFO: Reconcile Web Forwards - Route local update: Fork [] []
[2017-09-09 23:31:45] task_log.INFO: Reconcile Web Forwards - Route remote still has 127.0.0.1 IP: Fork [] []
[2017-09-09 23:31:45] task_log.INFO: Reconcile Web Forwards - Storing local route: Fork [] []
[2017-09-09 23:33:39] task_log.INFO: Reconcile Web Forwards - Routes: 1 [] []
[2017-09-09 23:33:39] task_log.INFO: Reconcile Web Forwards - Route local update: Fork [] []
[2017-09-09 23:33:39] task_log.INFO: Reconcile Web Forwards - Route remote still has 127.0.0.1 IP: Fork [] []
[2017-09-09 23:33:39] task_log.INFO: Reconcile Web Forwards - Storing local route: Fork [] []
[2017-09-09 23:35:31] task_log.INFO: Reconcile Web Forwards - Routes: 1 [] []
[2017-09-09 23:35:32] task_log.INFO: Reconcile Web Forwards - Route local update: Fork [] []
[2017-09-09 23:35:32] task_log.INFO: Reconcile Web Forwards - Route remote still has 127.0.0.1 IP: Fork [] []
[2017-09-09 23:35:32] task_log.INFO: Reconcile Web Forwards - Storing local route: Fork [] []
[2017-09-09 23:37:26] task_log.INFO: Reconcile Web Forwards - Routes: 1 [] []
[2017-09-09 23:37:26] task_log.INFO: Reconcile Web Forwards - Route local update: Fork [] []
[2017-09-09 23:37:26] task_log.INFO: Reconcile Web Forwards - Route remote still has 127.0.0.1 IP: Fork [] []
[2017-09-09 23:37:26] task_log.INFO: Reconcile Web Forwards - Storing local route: Fork [] []
[2017-09-09 23:39:20] task_log.INFO: Reconcile Web Forwards - Routes: 1 [] []
[2017-09-09 23:39:20] task_log.INFO: Reconcile Web Forwards - Route local update: Fork [] []
[2017-09-09 23:39:20] task_log.INFO: Reconcile Web Forwards - Route remote still has 127.0.0.1 IP: Fork [] []
[2017-09-09 23:39:20] task_log.INFO: Reconcile Web Forwards - Storing local route: Fork [] []
[2017-09-09 23:41:15] task_log.INFO: Reconcile Web Forwards - Routes: 1 [] []
[2017-09-09 23:41:15] task_log.INFO: Reconcile Web Forwards - Route local update: Fork [] []
[2017-09-09 23:41:15] task_log.INFO: Reconcile Web Forwards - Route remote still has 127.0.0.1 IP: Fork [] []
[2017-09-09 23:41:15] task_log.INFO: Reconcile Web Forwards - Storing local route: Fork [] []
[2017-09-09 23:43:08] task_log.INFO: Reconcile Web Forwards - Routes: 1 [] []
[2017-09-09 23:43:09] task_log.INFO: Reconcile Web Forwards - Route local update: Fork [] []
[2017-09-09 23:43:09] task_log.INFO: Reconcile Web Forwards - Route remote still has 127.0.0.1 IP: Fork [] []
[2017-09-09 23:43:09] task_log.INFO: Reconcile Web Forwards - Storing local route: Fork [] []
[2017-09-09 23:45:02] task_log.INFO: Reconcile Web Forwards - Routes: 1 [] []
[2017-09-09 23:45:02] task_log.INFO: Reconcile Web Forwards - Route local update: Fork [] []
[2017-09-09 23:45:02] task_log.INFO: Reconcile Web Forwards - Route remote still has 127.0.0.1 IP: Fork [] []
[2017-09-09 23:45:02] task_log.INFO: Reconcile Web Forwards - Storing local route: Fork [] []
[2017-09-09 23:46:55] task_log.INFO: Reconcile Web Forwards - Routes: 1 [] []
[2017-09-09 23:46:55] task_log.INFO: Reconcile Web Forwards - Route local update: Fork [] []
[2017-09-09 23:46:55] task_log.INFO: Reconcile Web Forwards - Route remote still has 127.0.0.1 IP: Fork [] []
[2017-09-09 23:46:55] task_log.INFO: Reconcile Web Forwards - Storing local route: Fork [] []
[2017-09-09 23:48:54] task_log.INFO: Reconcile Web Forwards - Routes: 1 [] []
[2017-09-09 23:48:54] task_log.INFO: Reconcile Web Forwards - Route local update: Fork [] []
[2017-09-09 23:48:54] task_log.INFO: Reconcile Web Forwards - Route remote still has 127.0.0.1 IP: Fork [] []
[2017-09-09 23:48:54] task_log.INFO: Reconcile Web Forwards - Storing local route: Fork [] []
[2017-09-09 23:50:48] task_log.INFO: Reconcile Web Forwards - Routes: 1 [] []
[2017-09-09 23:50:48] task_log.INFO: Reconcile Web Forwards - Route local update: Fork [] []
[2017-09-09 23:50:48] task_log.INFO: Reconcile Web Forwards - Route remote still has 127.0.0.1 IP: Fork [] []
[2017-09-09 23:50:48] task_log.INFO: Reconcile Web Forwards - Storing local route: Fork [] []
[2017-09-09 23:52:46] task_log.INFO: Reconcile Web Forwards - Routes: 1 [] []
[2017-09-09 23:52:46] task_log.INFO: Reconcile Web Forwards - Route local update: Fork [] []
[2017-09-09 23:52:46] task_log.INFO: Reconcile Web Forwards - Route remote still has 127.0.0.1 IP: Fork [] []
[2017-09-09 23:52:46] task_log.INFO: Reconcile Web Forwards - Storing local route: Fork [] []
[2017-09-09 23:54:38] task_log.INFO: Reconcile Web Forwards - Routes: 1 [] []
[2017-09-09 23:54:38] task_log.INFO: Reconcile Web Forwards - Route local update: Fork [] []
[2017-09-09 23:54:38] task_log.INFO: Reconcile Web Forwards - Route remote still has 127.0.0.1 IP: Fork [] []
[2017-09-09 23:54:38] task_log.INFO: Reconcile Web Forwards - Storing local route: Fork [] []
[2017-09-09 23:56:32] task_log.INFO: Reconcile Web Forwards - Routes: 1 [] []
[2017-09-09 23:56:32] task_log.INFO: Reconcile Web Forwards - Route local update: Fork [] []
[2017-09-09 23:56:32] task_log.INFO: Reconcile Web Forwards - Route remote still has 127.0.0.1 IP: Fork [] []
[2017-09-09 23:56:32] task_log.INFO: Reconcile Web Forwards - Storing local route: Fork [] []
[2017-09-09 23:58:24] task_log.INFO: Reconcile Web Forwards - Routes: 1 [] []
[2017-09-09 23:58:24] task_log.INFO: Reconcile Web Forwards - Route local update: Fork [] []
[2017-09-09 23:58:24] task_log.INFO: Reconcile Web Forwards - Route remote still has 127.0.0.1 IP: Fork [] []
[2017-09-09 23:58:24] task_log.INFO: Reconcile Web Forwards - Storing local route: Fork [] []
