[2017-09-11 16:07:51] task_log.INFO: Reconcile Web Forwards - Routes: 2 [] []
[2017-09-11 16:07:51] task_log.INFO: Reconcile Web Forwards - Route local update: xxx [] []
[2017-09-11 16:07:51] task_log.INFO: Reconcile Web Forwards - Route remote still has 127.0.0.1 IP: xxx [] []
[2017-09-11 16:07:51] task_log.INFO: Reconcile Web Forwards - Storing local route: xxx [] []
[2017-09-11 16:07:51] task_log.INFO: Reconcile Web Forwards - Route local update: xxxx [] []
[2017-09-11 16:07:51] task_log.INFO: Reconcile Web Forwards - Route good updating local upstream: xxxx [] []
[2017-09-11 16:07:51] task_log.INFO: Reconcile Web Forwards - Storing local route: xxxx [] []
[2017-09-11 16:09:45] task_log.INFO: Reconcile Web Forwards - Routes: 1 [] []
[2017-09-11 16:09:46] task_log.INFO: Reconcile Web Forwards - Route local update: xxx [] []
[2017-09-11 16:09:46] task_log.INFO: Reconcile Web Forwards - Route remote still has 127.0.0.1 IP: xxx [] []
[2017-09-11 16:09:46] task_log.INFO: Reconcile Web Forwards - Storing local route: xxx [] []
[2017-09-11 16:11:38] task_log.INFO: Reconcile Web Forwards - Routes: 1 [] []
[2017-09-11 16:11:38] task_log.INFO: Reconcile Web Forwards - Route local update: xxx [] []
[2017-09-11 16:11:38] task_log.INFO: Reconcile Web Forwards - Route remote still has 127.0.0.1 IP: xxx [] []
[2017-09-11 16:11:38] task_log.INFO: Reconcile Web Forwards - Storing local route: xxx [] []
[2017-09-11 16:12:35] task_log.INFO: Reconcile Web Forwards - Routes: 1 [] []
[2017-09-11 16:12:35] task_log.INFO: Reconcile Web Forwards - Route local update: abc [] []
[2017-09-11 16:12:35] task_log.INFO: Reconcile Web Forwards - Route good updating local upstream: abc [] []
[2017-09-11 16:12:35] task_log.INFO: Reconcile Web Forwards - Storing local route: abc [] []
[2017-09-11 16:13:34] task_log.INFO: Reconcile Web Forwards - Routes: 1 [] []
[2017-09-11 16:13:34] task_log.INFO: Reconcile Web Forwards - Route local update: xxx [] []
[2017-09-11 16:13:34] task_log.INFO: Reconcile Web Forwards - Route remote still has 127.0.0.1 IP: xxx [] []
[2017-09-11 16:13:34] task_log.INFO: Reconcile Web Forwards - Storing local route: xxx [] []
[2017-09-11 16:15:31] task_log.INFO: Reconcile Web Forwards - Routes: 1 [] []
[2017-09-11 16:15:31] task_log.INFO: Reconcile Web Forwards - Route local update: xxx [] []
[2017-09-11 16:15:31] task_log.INFO: Reconcile Web Forwards - Route remote still has 127.0.0.1 IP: xxx [] []
[2017-09-11 16:15:31] task_log.INFO: Reconcile Web Forwards - Storing local route: xxx [] []
[2017-09-11 16:16:31] task_log.INFO: Reconcile Web Forwards - Routes: 2 [] []
[2017-09-11 16:16:31] task_log.INFO: Reconcile Web Forwards - Route local update: abcd-5kvf1 [] []
[2017-09-11 16:16:31] task_log.INFO: Reconcile Web Forwards - Route remote still has 127.0.0.1 IP: abcd-5kvf1 [] []
[2017-09-11 16:16:31] task_log.INFO: Reconcile Web Forwards - Storing local route: abcd-5kvf1 [] []
[2017-09-11 16:16:31] task_log.INFO: Reconcile Web Forwards - Route local update: abcd [] []
[2017-09-11 16:16:31] task_log.INFO: Reconcile Web Forwards - Route remote still has 127.0.0.1 IP: abcd [] []
[2017-09-11 16:16:31] task_log.INFO: Reconcile Web Forwards - Storing local route: abcd [] []
[2017-09-11 16:17:26] task_log.INFO: Reconcile Web Forwards - Routes: 1 [] []
[2017-09-11 16:17:27] task_log.INFO: Reconcile Web Forwards - Route local update: xxx [] []
[2017-09-11 16:17:27] task_log.INFO: Reconcile Web Forwards - Route remote still has 127.0.0.1 IP: xxx [] []
[2017-09-11 16:17:27] task_log.INFO: Reconcile Web Forwards - Storing local route: xxx [] []
[2017-09-11 16:18:26] task_log.INFO: Reconcile Web Forwards - Routes: 2 [] []
[2017-09-11 16:18:26] task_log.INFO: Reconcile Web Forwards - Route local update: abcd-5kvf1 [] []
[2017-09-11 16:18:26] task_log.INFO: Reconcile Web Forwards - Route remote still has 127.0.0.1 IP: abcd-5kvf1 [] []
[2017-09-11 16:18:26] task_log.INFO: Reconcile Web Forwards - Storing local route: abcd-5kvf1 [] []
[2017-09-11 16:18:27] task_log.INFO: Reconcile Web Forwards - Route local update: abcd [] []
[2017-09-11 16:18:27] task_log.INFO: Reconcile Web Forwards - Route remote still has 127.0.0.1 IP: abcd [] []
[2017-09-11 16:18:27] task_log.INFO: Reconcile Web Forwards - Storing local route: abcd [] []
[2017-09-11 16:19:25] task_log.INFO: Reconcile Web Forwards - Routes: 1 [] []
[2017-09-11 16:19:25] task_log.INFO: Reconcile Web Forwards - Route local update: xxx [] []
[2017-09-11 16:19:25] task_log.INFO: Reconcile Web Forwards - Route remote still has 127.0.0.1 IP: xxx [] []
[2017-09-11 16:19:25] task_log.INFO: Reconcile Web Forwards - Storing local route: xxx [] []
[2017-09-11 16:20:25] task_log.INFO: Reconcile Web Forwards - Routes: 4 [] []
[2017-09-11 16:20:26] task_log.INFO: Reconcile Web Forwards - Route local update: abcd-5kvf1 [] []
[2017-09-11 16:20:26] task_log.INFO: Reconcile Web Forwards - Route remote still has 127.0.0.1 IP: abcd-5kvf1 [] []
[2017-09-11 16:20:26] task_log.INFO: Reconcile Web Forwards - Storing local route: abcd-5kvf1 [] []
[2017-09-11 16:20:26] task_log.INFO: Reconcile Web Forwards - Route local update: abcd [] []
[2017-09-11 16:20:26] task_log.INFO: Reconcile Web Forwards - Route remote still has 127.0.0.1 IP: abcd [] []
[2017-09-11 16:20:26] task_log.INFO: Reconcile Web Forwards - Storing local route: abcd [] []
[2017-09-11 16:20:26] task_log.INFO: Reconcile Web Forwards - Route local update: ssss-lxbf4 [] []
[2017-09-11 16:20:26] task_log.INFO: Reconcile Web Forwards - Route good updating local upstream: ssss-lxbf4 [] []
[2017-09-11 16:20:26] task_log.INFO: Reconcile Web Forwards - Storing local route: ssss-lxbf4 [] []
[2017-09-11 16:20:26] task_log.INFO: Reconcile Web Forwards - Route local update: ssss [] []
[2017-09-11 16:20:26] task_log.INFO: Reconcile Web Forwards - Route good updating local upstream: ssss [] []
[2017-09-11 16:20:26] task_log.INFO: Reconcile Web Forwards - Storing local route: ssss [] []
[2017-09-11 16:21:22] task_log.INFO: Reconcile Web Forwards - Routes: 1 [] []
[2017-09-11 16:21:22] task_log.INFO: Reconcile Web Forwards - Route local update: xxx [] []
[2017-09-11 16:21:22] task_log.INFO: Reconcile Web Forwards - Route remote still has 127.0.0.1 IP: xxx [] []
[2017-09-11 16:21:22] task_log.INFO: Reconcile Web Forwards - Storing local route: xxx [] []
[2017-09-11 16:22:21] task_log.INFO: Reconcile Web Forwards - Routes: 2 [] []
[2017-09-11 16:22:22] task_log.INFO: Reconcile Web Forwards - Route local update: abcd-5kvf1 [] []
[2017-09-11 16:22:22] task_log.INFO: Reconcile Web Forwards - Route remote still has 127.0.0.1 IP: abcd-5kvf1 [] []
[2017-09-11 16:22:22] task_log.INFO: Reconcile Web Forwards - Storing local route: abcd-5kvf1 [] []
[2017-09-11 16:22:22] task_log.INFO: Reconcile Web Forwards - Route local update: abcd [] []
[2017-09-11 16:22:22] task_log.INFO: Reconcile Web Forwards - Route remote still has 127.0.0.1 IP: abcd [] []
[2017-09-11 16:22:22] task_log.INFO: Reconcile Web Forwards - Storing local route: abcd [] []
[2017-09-11 16:23:17] task_log.INFO: Reconcile Web Forwards - Routes: 1 [] []
[2017-09-11 16:23:17] task_log.INFO: Reconcile Web Forwards - Route local update: xxx [] []
[2017-09-11 16:23:17] task_log.INFO: Reconcile Web Forwards - Route remote still has 127.0.0.1 IP: xxx [] []
[2017-09-11 16:23:17] task_log.INFO: Reconcile Web Forwards - Storing local route: xxx [] []
[2017-09-11 16:24:17] task_log.INFO: Reconcile Web Forwards - Routes: 2 [] []
[2017-09-11 16:24:17] task_log.INFO: Reconcile Web Forwards - Route local update: abcd-5kvf1 [] []
[2017-09-11 16:24:17] task_log.INFO: Reconcile Web Forwards - Route remote still has 127.0.0.1 IP: abcd-5kvf1 [] []
[2017-09-11 16:24:17] task_log.INFO: Reconcile Web Forwards - Storing local route: abcd-5kvf1 [] []
[2017-09-11 16:24:17] task_log.INFO: Reconcile Web Forwards - Route local update: abcd [] []
[2017-09-11 16:24:17] task_log.INFO: Reconcile Web Forwards - Route remote still has 127.0.0.1 IP: abcd [] []
[2017-09-11 16:24:17] task_log.INFO: Reconcile Web Forwards - Storing local route: abcd [] []
[2017-09-11 16:25:13] task_log.INFO: Reconcile Web Forwards - Routes: 1 [] []
[2017-09-11 16:25:13] task_log.INFO: Reconcile Web Forwards - Route local update: xxx [] []
[2017-09-11 16:25:13] task_log.INFO: Reconcile Web Forwards - Route remote still has 127.0.0.1 IP: xxx [] []
[2017-09-11 16:25:13] task_log.INFO: Reconcile Web Forwards - Storing local route: xxx [] []
[2017-09-11 16:26:13] task_log.INFO: Reconcile Web Forwards - Routes: 2 [] []
[2017-09-11 16:26:13] task_log.INFO: Reconcile Web Forwards - Route local update: abcd-5kvf1 [] []
[2017-09-11 16:26:13] task_log.INFO: Reconcile Web Forwards - Route remote still has 127.0.0.1 IP: abcd-5kvf1 [] []
[2017-09-11 16:26:13] task_log.INFO: Reconcile Web Forwards - Storing local route: abcd-5kvf1 [] []
[2017-09-11 16:26:13] task_log.INFO: Reconcile Web Forwards - Route local update: abcd [] []
[2017-09-11 16:26:13] task_log.INFO: Reconcile Web Forwards - Route remote still has 127.0.0.1 IP: abcd [] []
[2017-09-11 16:26:13] task_log.INFO: Reconcile Web Forwards - Storing local route: abcd [] []
[2017-09-11 16:27:09] task_log.INFO: Reconcile Web Forwards - Routes: 1 [] []
[2017-09-11 16:27:09] task_log.INFO: Reconcile Web Forwards - Route local update: xxx [] []
[2017-09-11 16:27:09] task_log.INFO: Reconcile Web Forwards - Route remote still has 127.0.0.1 IP: xxx [] []
[2017-09-11 16:27:09] task_log.INFO: Reconcile Web Forwards - Storing local route: xxx [] []
[2017-09-11 16:28:05] task_log.INFO: Reconcile Web Forwards - Routes: 2 [] []
[2017-09-11 16:28:05] task_log.INFO: Reconcile Web Forwards - Route local update: abcd-5kvf1 [] []
[2017-09-11 16:28:05] task_log.INFO: Reconcile Web Forwards - Route remote still has 127.0.0.1 IP: abcd-5kvf1 [] []
[2017-09-11 16:28:05] task_log.INFO: Reconcile Web Forwards - Storing local route: abcd-5kvf1 [] []
[2017-09-11 16:28:06] task_log.INFO: Reconcile Web Forwards - Route local update: abcd [] []
[2017-09-11 16:28:06] task_log.INFO: Reconcile Web Forwards - Route remote still has 127.0.0.1 IP: abcd [] []
[2017-09-11 16:28:06] task_log.INFO: Reconcile Web Forwards - Storing local route: abcd [] []
[2017-09-11 16:29:01] task_log.INFO: Reconcile Web Forwards - Routes: 3 [] []
[2017-09-11 16:29:01] task_log.INFO: Reconcile Web Forwards - Route local update: xxx [] []
[2017-09-11 16:29:01] task_log.INFO: Reconcile Web Forwards - Route remote still has 127.0.0.1 IP: xxx [] []
[2017-09-11 16:29:01] task_log.INFO: Reconcile Web Forwards - Storing local route: xxx [] []
[2017-09-11 16:29:01] task_log.INFO: Reconcile Web Forwards - Route local update: ssss-lxbf4 [] []
[2017-09-11 16:29:01] task_log.INFO: Reconcile Web Forwards - Route good updating local upstream: ssss-lxbf4 [] []
[2017-09-11 16:29:01] task_log.INFO: Reconcile Web Forwards - Storing local route: ssss-lxbf4 [] []
[2017-09-11 16:29:01] task_log.INFO: Reconcile Web Forwards - Route local update: ssss [] []
[2017-09-11 16:29:01] task_log.INFO: Reconcile Web Forwards - Route good updating local upstream: ssss [] []
[2017-09-11 16:29:01] task_log.INFO: Reconcile Web Forwards - Storing local route: ssss [] []
[2017-09-11 16:29:58] task_log.INFO: Reconcile Web Forwards - Routes: 2 [] []
[2017-09-11 16:29:58] task_log.INFO: Reconcile Web Forwards - Route local update: abcd-5kvf1 [] []
[2017-09-11 16:29:58] task_log.INFO: Reconcile Web Forwards - Route remote still has 127.0.0.1 IP: abcd-5kvf1 [] []
[2017-09-11 16:29:58] task_log.INFO: Reconcile Web Forwards - Storing local route: abcd-5kvf1 [] []
[2017-09-11 16:29:58] task_log.INFO: Reconcile Web Forwards - Route local update: abcd [] []
[2017-09-11 16:29:58] task_log.INFO: Reconcile Web Forwards - Route remote still has 127.0.0.1 IP: abcd [] []
[2017-09-11 16:29:58] task_log.INFO: Reconcile Web Forwards - Storing local route: abcd [] []
[2017-09-11 16:31:00] task_log.INFO: Reconcile Web Forwards - Routes: 7 [] []
[2017-09-11 16:31:01] task_log.INFO: Reconcile Web Forwards - Route not found trashing: WordPress [] []
[2017-09-11 16:31:01] task_log.INFO: Reconcile Web Forwards - Route deleted from main, removing local: WordPress [] []
[2017-09-11 16:31:01] task_log.INFO: Reconcile Web Forwards - Route not found trashing: xxx [] []
[2017-09-11 16:31:01] task_log.INFO: Reconcile Web Forwards - Route deleted from main, removing local: xxx [] []
[2017-09-11 16:31:01] task_log.INFO: Reconcile Web Forwards - Route not found trashing: xxxx [] []
[2017-09-11 16:31:01] task_log.INFO: Reconcile Web Forwards - Route deleted from main, removing local: xxxx [] []
[2017-09-11 16:31:01] task_log.INFO: Reconcile Web Forwards - Route not found trashing: abc [] []
[2017-09-11 16:31:01] task_log.INFO: Reconcile Web Forwards - Route deleted from main, removing local: abc [] []
[2017-09-11 16:31:01] task_log.INFO: Reconcile Web Forwards - Route not found trashing: abcd-5kvf1 [] []
[2017-09-11 16:31:01] task_log.INFO: Reconcile Web Forwards - Route deleted from main, removing local: abcd-5kvf1 [] []
[2017-09-11 16:31:01] task_log.INFO: Reconcile Web Forwards - Route not found trashing: abcd [] []
[2017-09-11 16:31:01] task_log.INFO: Reconcile Web Forwards - Route deleted from main, removing local: abcd [] []
[2017-09-11 16:31:01] task_log.INFO: Reconcile Web Forwards - Route not found trashing: sss-ssss-Lxbf4 [] []
[2017-09-11 16:31:01] task_log.INFO: Reconcile Web Forwards - Route deleted from main, removing local: sss-ssss-Lxbf4 [] []
[2017-09-11 16:32:55] task_log.INFO: Reconcile Web Forwards - Routes: 1 [] []
[2017-09-11 16:32:55] task_log.INFO: Reconcile Web Forwards - Route local update: testing-ssss-Lxbf4 [] []
[2017-09-11 16:32:55] task_log.INFO: Reconcile Web Forwards - Route good updating local upstream: testing-ssss-Lxbf4 [] []
[2017-09-11 16:32:55] task_log.INFO: Reconcile Web Forwards - Storing local route: testing-ssss-Lxbf4 [] []
[2017-09-11 16:37:35] task_log.INFO: Reconcile Web Forwards - Routes: 1 [] []
[2017-09-11 16:37:35] task_log.INFO: Reconcile Web Forwards - Route local update: demo-4k8c1 [] []
[2017-09-11 16:37:35] task_log.INFO: Reconcile Web Forwards - Route good updating local upstream: demo-4k8c1 [] []
[2017-09-11 16:37:35] task_log.INFO: Reconcile Web Forwards - Storing local route: demo-4k8c1 [] []
[2017-09-11 16:39:30] task_log.INFO: Reconcile Web Forwards - Routes: 2 [] []
[2017-09-11 16:39:31] task_log.INFO: Reconcile Web Forwards - Route not found trashing: testing-ssss-Lxbf4 [] []
[2017-09-11 16:39:31] task_log.INFO: Reconcile Web Forwards - Route deleted from main, removing local: testing-ssss-Lxbf4 [] []
[2017-09-11 16:39:31] task_log.INFO: Reconcile Web Forwards - Route not found trashing: demo-4k8c1 [] []
[2017-09-11 16:39:31] task_log.INFO: Reconcile Web Forwards - Route deleted from main, removing local: demo-4k8c1 [] []
[2017-09-11 16:42:29] task_log.INFO: Reconcile Web Forwards - Routes: 1 [] []
[2017-09-11 16:42:29] task_log.INFO: Reconcile Web Forwards - Route local update: demo-demo-4K8C1 [] []
[2017-09-11 16:42:29] task_log.INFO: Reconcile Web Forwards - Route good updating local upstream: demo-demo-4K8C1 [] []
[2017-09-11 16:42:29] task_log.INFO: Reconcile Web Forwards - Storing local route: demo-demo-4K8C1 [] []
[2017-09-11 16:49:22] task_log.INFO: Reconcile Web Forwards - Routes: 1 [] []
[2017-09-11 16:49:23] task_log.INFO: Reconcile Web Forwards - Route local update: testing-2r9fq [] []
[2017-09-11 16:49:23] task_log.INFO: Reconcile Web Forwards - Route remote still has 127.0.0.1 IP: testing-2r9fq [] []
[2017-09-11 16:49:23] task_log.INFO: Reconcile Web Forwards - Storing local route: testing-2r9fq [] []
[2017-09-11 16:50:17] task_log.INFO: Reconcile Web Forwards - Routes: 1 [] []
[2017-09-11 16:50:18] task_log.INFO: Reconcile Web Forwards - Route local update: testing-2r9fq [] []
[2017-09-11 16:50:18] task_log.INFO: Reconcile Web Forwards - Route good updating local upstream: testing-2r9fq [] []
[2017-09-11 16:50:18] task_log.INFO: Reconcile Web Forwards - Storing local route: testing-2r9fq [] []
[2017-09-11 16:51:14] task_log.INFO: Reconcile Web Forwards - Routes: 1 [] []
[2017-09-11 16:51:14] task_log.INFO: Reconcile Web Forwards - Route not found trashing: testing-2r9fq [] []
[2017-09-11 16:51:14] task_log.INFO: Reconcile Web Forwards - Route deleted from main, removing local: testing-2r9fq [] []
[2017-09-11 16:54:08] task_log.INFO: Reconcile Web Forwards - Routes: 1 [] []
[2017-09-11 16:54:08] task_log.INFO: Reconcile Web Forwards - Route local update: test-g00sz [] []
[2017-09-11 16:54:08] task_log.INFO: Reconcile Web Forwards - Route remote still has 127.0.0.1 IP: test-g00sz [] []
[2017-09-11 16:54:08] task_log.INFO: Reconcile Web Forwards - Storing local route: test-g00sz [] []
[2017-09-11 16:55:08] task_log.INFO: Reconcile Web Forwards - Routes: 1 [] []
[2017-09-11 16:55:08] task_log.INFO: Reconcile Web Forwards - Route local update: test-g00sz [] []
[2017-09-11 16:55:08] task_log.INFO: Reconcile Web Forwards - Route good updating local upstream: test-g00sz [] []
[2017-09-11 16:55:08] task_log.INFO: Reconcile Web Forwards - Storing local route: test-g00sz [] []
[2017-09-11 16:57:04] task_log.INFO: Reconcile Web Forwards - Routes: 1 [] []
[2017-09-11 16:57:04] task_log.INFO: Reconcile Web Forwards - Route not found trashing: test-g00sz [] []
[2017-09-11 16:57:04] task_log.INFO: Reconcile Web Forwards - Route deleted from main, removing local: test-g00sz [] []
[2017-09-11 16:58:58] task_log.INFO: Reconcile Web Forwards - Routes: 1 [] []
[2017-09-11 16:58:58] task_log.INFO: Reconcile Web Forwards - Route local update: lamp-server-qv2sg [] []
[2017-09-11 16:58:58] task_log.INFO: Reconcile Web Forwards - Route remote still has 127.0.0.1 IP: lamp-server-qv2sg [] []
[2017-09-11 16:58:58] task_log.INFO: Reconcile Web Forwards - Storing local route: lamp-server-qv2sg [] []
[2017-09-11 16:59:58] task_log.INFO: Reconcile Web Forwards - Routes: 1 [] []
[2017-09-11 16:59:58] task_log.INFO: Reconcile Web Forwards - Route local update: lamp-server-qv2sg [] []
[2017-09-11 16:59:58] task_log.INFO: Reconcile Web Forwards - Route remote still has 127.0.0.1 IP: lamp-server-qv2sg [] []
[2017-09-11 16:59:58] task_log.INFO: Reconcile Web Forwards - Storing local route: lamp-server-qv2sg [] []
[2017-09-11 17:00:56] task_log.INFO: Reconcile Web Forwards - Routes: 1 [] []
[2017-09-11 17:00:56] task_log.INFO: Reconcile Web Forwards - Route local update: lamp-server-qv2sg [] []
[2017-09-11 17:00:56] task_log.INFO: Reconcile Web Forwards - Route remote still has 127.0.0.1 IP: lamp-server-qv2sg [] []
[2017-09-11 17:00:56] task_log.INFO: Reconcile Web Forwards - Storing local route: lamp-server-qv2sg [] []
[2017-09-11 17:01:52] task_log.INFO: Reconcile Web Forwards - Routes: 1 [] []
[2017-09-11 17:01:52] task_log.INFO: Reconcile Web Forwards - Route local update: lamp-server-qv2sg [] []
[2017-09-11 17:01:52] task_log.INFO: Reconcile Web Forwards - Route remote still has 127.0.0.1 IP: lamp-server-qv2sg [] []
[2017-09-11 17:01:52] task_log.INFO: Reconcile Web Forwards - Storing local route: lamp-server-qv2sg [] []
[2017-09-11 17:02:47] task_log.INFO: Reconcile Web Forwards - Routes: 1 [] []
[2017-09-11 17:02:47] task_log.INFO: Reconcile Web Forwards - Route local update: lamp-server-qv2sg [] []
[2017-09-11 17:02:47] task_log.INFO: Reconcile Web Forwards - Route good updating local upstream: lamp-server-qv2sg [] []
[2017-09-11 17:02:47] task_log.INFO: Reconcile Web Forwards - Storing local route: lamp-server-qv2sg [] []
[2017-09-11 17:03:43] task_log.INFO: Reconcile Web Forwards - Routes: 1 [] []
[2017-09-11 17:03:44] task_log.INFO: Reconcile Web Forwards - Route local update: lamp-server-qv2sg [] []
[2017-09-11 17:03:44] task_log.INFO: Reconcile Web Forwards - Route good updating local upstream: lamp-server-qv2sg [] []
[2017-09-11 17:03:44] task_log.INFO: Reconcile Web Forwards - Storing local route: lamp-server-qv2sg [] []
[2017-09-11 17:07:37] task_log.INFO: Reconcile Web Forwards - Routes: 1 [] []
[2017-09-11 17:07:38] task_log.INFO: Reconcile Web Forwards - Route local update: lamp-yaml-0ras1 [] []
[2017-09-11 17:07:38] task_log.INFO: Reconcile Web Forwards - Route remote still has 127.0.0.1 IP: lamp-yaml-0ras1 [] []
[2017-09-11 17:07:38] task_log.INFO: Reconcile Web Forwards - Storing local route: lamp-yaml-0ras1 [] []
[2017-09-11 17:08:33] task_log.INFO: Reconcile Web Forwards - Routes: 1 [] []
[2017-09-11 17:08:33] task_log.INFO: Reconcile Web Forwards - Route local update: lamp-yaml-0ras1 [] []
[2017-09-11 17:08:33] task_log.INFO: Reconcile Web Forwards - Route good updating local upstream: lamp-yaml-0ras1 [] []
[2017-09-11 17:08:33] task_log.INFO: Reconcile Web Forwards - Storing local route: lamp-yaml-0ras1 [] []
[2017-09-11 17:17:20] task_log.INFO: Reconcile Web Forwards - Routes: 1 [] []
[2017-09-11 17:17:20] task_log.INFO: Reconcile Web Forwards - Route local update: lamp-yaml-0ras1 [] []
[2017-09-11 17:17:20] task_log.INFO: Reconcile Web Forwards - Route good updating local upstream: lamp-yaml-0ras1 [] []
[2017-09-11 17:17:20] task_log.INFO: Reconcile Web Forwards - Storing local route: lamp-yaml-0ras1 [] []
[2017-09-11 17:31:01] task_log.INFO: Reconcile Web Forwards - Routes: 1 [] []
[2017-09-11 17:31:01] task_log.INFO: Reconcile Web Forwards - Route local update: testing-LAMP-YAML-0rAS1 [] []
[2017-09-11 17:31:01] task_log.INFO: Reconcile Web Forwards - Route good updating local upstream: testing-LAMP-YAML-0rAS1 [] []
[2017-09-11 17:31:01] task_log.INFO: Reconcile Web Forwards - Storing local route: testing-LAMP-YAML-0rAS1 [] []
[2017-09-11 17:36:25] task_log.INFO: Reconcile Web Forwards - Routes: 1 [] []
[2017-09-11 17:36:26] task_log.INFO: Reconcile Web Forwards - Route local update: lamp-yaml-0ras1 [] []
[2017-09-11 17:36:26] task_log.INFO: Reconcile Web Forwards - Route good updating local upstream: lamp-yaml-0ras1 [] []
[2017-09-11 17:36:26] task_log.INFO: Reconcile Web Forwards - Storing local route: lamp-yaml-0ras1 [] []
[2017-09-11 17:37:28] task_log.INFO: Reconcile Web Forwards - Routes: 1 [] []
[2017-09-11 17:37:28] task_log.INFO: Reconcile Web Forwards - Route local update: testing-LAMP-YAML-0rAS1 [] []
[2017-09-11 17:37:28] task_log.INFO: Reconcile Web Forwards - Route good updating local upstream: testing-LAMP-YAML-0rAS1 [] []
[2017-09-11 17:37:28] task_log.INFO: Reconcile Web Forwards - Storing local route: testing-LAMP-YAML-0rAS1 [] []
[2017-09-11 17:42:59] task_log.INFO: Reconcile Web Forwards - Routes: 1 [] []
[2017-09-11 17:42:59] task_log.INFO: Reconcile Web Forwards - Route local update: lamp-yaml-0ras1 [] []
[2017-09-11 17:42:59] task_log.INFO: Reconcile Web Forwards - Route good updating local upstream: lamp-yaml-0ras1 [] []
[2017-09-11 17:42:59] task_log.INFO: Reconcile Web Forwards - Storing local route: lamp-yaml-0ras1 [] []
[2017-09-11 17:43:56] task_log.INFO: Reconcile Web Forwards - Routes: 1 [] []
[2017-09-11 17:43:56] task_log.INFO: Reconcile Web Forwards - Route local update: lamp-yaml-0ras1 [] []
[2017-09-11 17:43:56] task_log.INFO: Reconcile Web Forwards - Route good updating local upstream: lamp-yaml-0ras1 [] []
[2017-09-11 17:43:56] task_log.INFO: Reconcile Web Forwards - Storing local route: lamp-yaml-0ras1 [] []
[2017-09-11 17:45:48] task_log.INFO: Reconcile Web Forwards - Routes: 1 [] []
[2017-09-11 17:45:48] task_log.INFO: Reconcile Web Forwards - Route local update: lamp-yaml-0ras1 [] []
[2017-09-11 17:45:48] task_log.INFO: Reconcile Web Forwards - Route good updating local upstream: lamp-yaml-0ras1 [] []
[2017-09-11 17:45:48] task_log.INFO: Reconcile Web Forwards - Storing local route: lamp-yaml-0ras1 [] []
[2017-09-11 17:46:44] task_log.INFO: Reconcile Web Forwards - Routes: 1 [] []
[2017-09-11 17:46:44] task_log.INFO: Reconcile Web Forwards - Route local update: lamp-yaml-0ras1 [] []
[2017-09-11 17:46:44] task_log.INFO: Reconcile Web Forwards - Route good updating local upstream: lamp-yaml-0ras1 [] []
[2017-09-11 17:46:44] task_log.INFO: Reconcile Web Forwards - Storing local route: lamp-yaml-0ras1 [] []
[2017-09-11 17:48:36] task_log.INFO: Reconcile Web Forwards - Routes: 1 [] []
[2017-09-11 17:48:36] task_log.INFO: Reconcile Web Forwards - Route local update: lamp-yaml-0ras1 [] []
[2017-09-11 17:48:36] task_log.INFO: Reconcile Web Forwards - Route good updating local upstream: lamp-yaml-0ras1 [] []
[2017-09-11 17:48:36] task_log.INFO: Reconcile Web Forwards - Storing local route: lamp-yaml-0ras1 [] []
[2017-09-11 17:59:24] task_log.INFO: Reconcile Web Forwards - Routes: 1 [] []
[2017-09-11 17:59:25] task_log.INFO: Reconcile Web Forwards - Route local update: ssssdasdasd-LAMP-YAML-0rAS1 [] []
[2017-09-11 17:59:25] task_log.INFO: Reconcile Web Forwards - Route good updating local upstream: ssssdasdasd-LAMP-YAML-0rAS1 [] []
[2017-09-11 17:59:25] task_log.INFO: Reconcile Web Forwards - Storing local route: ssssdasdasd-LAMP-YAML-0rAS1 [] []
[2017-09-11 18:14:59] task_log.INFO: Reconcile Web Forwards - Routes: 1 [] []
[2017-09-11 18:15:00] task_log.INFO: Reconcile Web Forwards - Route local update: test-nx7hn [] []
[2017-09-11 18:15:00] task_log.INFO: Reconcile Web Forwards - Route remote still has 127.0.0.1 IP: test-nx7hn [] []
[2017-09-11 18:15:00] task_log.INFO: Reconcile Web Forwards - Storing local route: test-nx7hn [] []
[2017-09-11 18:15:59] task_log.INFO: Reconcile Web Forwards - Routes: 1 [] []
[2017-09-11 18:16:00] task_log.INFO: Reconcile Web Forwards - Route local update: test-nx7hn [] []
[2017-09-11 18:16:00] task_log.INFO: Reconcile Web Forwards - Route remote still has 127.0.0.1 IP: test-nx7hn [] []
[2017-09-11 18:16:00] task_log.INFO: Reconcile Web Forwards - Storing local route: test-nx7hn [] []
[2017-09-11 18:16:54] task_log.INFO: Reconcile Web Forwards - Routes: 1 [] []
[2017-09-11 18:16:54] task_log.INFO: Reconcile Web Forwards - Route local update: test-nx7hn [] []
[2017-09-11 18:16:54] task_log.INFO: Reconcile Web Forwards - Route remote still has 127.0.0.1 IP: test-nx7hn [] []
[2017-09-11 18:16:54] task_log.INFO: Reconcile Web Forwards - Storing local route: test-nx7hn [] []
[2017-09-11 18:17:49] task_log.INFO: Reconcile Web Forwards - Routes: 1 [] []
[2017-09-11 18:17:50] task_log.INFO: Reconcile Web Forwards - Route local update: test-nx7hn [] []
[2017-09-11 18:17:50] task_log.INFO: Reconcile Web Forwards - Route remote still has 127.0.0.1 IP: test-nx7hn [] []
[2017-09-11 18:17:50] task_log.INFO: Reconcile Web Forwards - Storing local route: test-nx7hn [] []
[2017-09-11 18:18:50] task_log.INFO: Reconcile Web Forwards - Routes: 1 [] []
[2017-09-11 18:18:50] task_log.INFO: Reconcile Web Forwards - Route local update: test-nx7hn [] []
[2017-09-11 18:18:50] task_log.INFO: Reconcile Web Forwards - Route good updating local upstream: test-nx7hn [] []
[2017-09-11 18:18:50] task_log.INFO: Reconcile Web Forwards - Storing local route: test-nx7hn [] []
[2017-09-11 18:23:43] task_log.INFO: Reconcile Web Forwards - Routes: 1 [] []
[2017-09-11 18:23:43] task_log.INFO: Reconcile Web Forwards - Route local update: test-nx7hn [] []
[2017-09-11 18:23:43] task_log.INFO: Reconcile Web Forwards - Route good updating local upstream: test-nx7hn [] []
[2017-09-11 18:23:43] task_log.INFO: Reconcile Web Forwards - Storing local route: test-nx7hn [] []
[2017-09-11 18:24:39] task_log.INFO: Reconcile Web Forwards - Routes: 1 [] []
[2017-09-11 18:24:40] task_log.INFO: Reconcile Web Forwards - Route local update: test-nx7hn [] []
[2017-09-11 18:24:40] task_log.INFO: Reconcile Web Forwards - Route good updating local upstream: test-nx7hn [] []
[2017-09-11 18:24:40] task_log.INFO: Reconcile Web Forwards - Storing local route: test-nx7hn [] []
[2017-09-11 18:26:32] task_log.INFO: Reconcile Web Forwards - Routes: 1 [] []
[2017-09-11 18:26:33] task_log.INFO: Reconcile Web Forwards - Route local update: test-nx7hn [] []
[2017-09-11 18:26:33] task_log.INFO: Reconcile Web Forwards - Route good updating local upstream: test-nx7hn [] []
[2017-09-11 18:26:33] task_log.INFO: Reconcile Web Forwards - Storing local route: test-nx7hn [] []
[2017-09-11 18:27:29] task_log.INFO: Reconcile Web Forwards - Routes: 1 [] []
[2017-09-11 18:27:29] task_log.INFO: Reconcile Web Forwards - Route local update: test-nx7hn [] []
[2017-09-11 18:27:29] task_log.INFO: Reconcile Web Forwards - Route good updating local upstream: test-nx7hn [] []
[2017-09-11 18:27:29] task_log.INFO: Reconcile Web Forwards - Storing local route: test-nx7hn [] []
[2017-09-11 18:29:22] task_log.INFO: Reconcile Web Forwards - Routes: 1 [] []
[2017-09-11 18:29:22] task_log.INFO: Reconcile Web Forwards - Route local update: test-nx7hn [] []
[2017-09-11 18:29:22] task_log.INFO: Reconcile Web Forwards - Route good updating local upstream: test-nx7hn [] []
[2017-09-11 18:29:22] task_log.INFO: Reconcile Web Forwards - Storing local route: test-nx7hn [] []
[2017-09-11 18:30:19] task_log.INFO: Reconcile Web Forwards - Routes: 1 [] []
[2017-09-11 18:30:19] task_log.INFO: Reconcile Web Forwards - Route not found trashing: test-nx7hn [] []
[2017-09-11 18:30:19] task_log.INFO: Reconcile Web Forwards - Route deleted from main, removing local: test-nx7hn [] []
[2017-09-11 18:32:15] task_log.INFO: Reconcile Web Forwards - Routes: 1 [] []
[2017-09-11 18:32:15] task_log.INFO: Reconcile Web Forwards - Route local update: home-d9gfg [] []
[2017-09-11 18:32:15] task_log.INFO: Reconcile Web Forwards - Route remote still has 127.0.0.1 IP: home-d9gfg [] []
[2017-09-11 18:32:15] task_log.INFO: Reconcile Web Forwards - Storing local route: home-d9gfg [] []
[2017-09-11 18:33:10] task_log.INFO: Reconcile Web Forwards - Routes: 1 [] []
[2017-09-11 18:33:10] task_log.INFO: Reconcile Web Forwards - Route local update: home-d9gfg [] []
[2017-09-11 18:33:10] task_log.INFO: Reconcile Web Forwards - Route good updating local upstream: home-d9gfg [] []
[2017-09-11 18:33:10] task_log.INFO: Reconcile Web Forwards - Storing local route: home-d9gfg [] []
[2017-09-11 18:36:08] task_log.INFO: Reconcile Web Forwards - Routes: 1 [] []
[2017-09-11 18:36:08] task_log.INFO: Reconcile Web Forwards - Route local update: Default-Home-D9GFG [] []
[2017-09-11 18:36:08] task_log.INFO: Reconcile Web Forwards - Route good updating local upstream: Default-Home-D9GFG [] []
[2017-09-11 18:36:08] task_log.INFO: Reconcile Web Forwards - Storing local route: Default-Home-D9GFG [] []
[2017-09-11 18:37:02] task_log.INFO: Reconcile Web Forwards - Routes: 1 [] []
[2017-09-11 18:37:02] task_log.INFO: Reconcile Web Forwards - Route local update: Defaultdfg-Home-D9GFG [] []
[2017-09-11 18:37:02] task_log.INFO: Reconcile Web Forwards - Route good updating local upstream: Defaultdfg-Home-D9GFG [] []
[2017-09-11 18:37:02] task_log.INFO: Reconcile Web Forwards - Storing local route: Defaultdfg-Home-D9GFG [] []
[2017-09-11 18:45:50] task_log.INFO: Reconcile Web Forwards - Routes: 1 [] []
[2017-09-11 18:45:50] task_log.INFO: Reconcile Web Forwards - Route local update: wordpress-me9tg [] []
[2017-09-11 18:45:50] task_log.INFO: Reconcile Web Forwards - Route remote still has 127.0.0.1 IP: wordpress-me9tg [] []
[2017-09-11 18:45:50] task_log.INFO: Reconcile Web Forwards - Storing local route: wordpress-me9tg [] []
[2017-09-11 18:46:45] task_log.INFO: Reconcile Web Forwards - Routes: 1 [] []
[2017-09-11 18:46:45] task_log.INFO: Reconcile Web Forwards - Route local update: wordpress-me9tg [] []
[2017-09-11 18:46:45] task_log.INFO: Reconcile Web Forwards - Route good updating local upstream: wordpress-me9tg [] []
[2017-09-11 18:46:46] task_log.INFO: Reconcile Web Forwards - Storing local route: wordpress-me9tg [] []
[2017-09-11 19:11:09] task_log.INFO: Reconcile Web Forwards - Routes: 1 [] []
[2017-09-11 19:11:09] task_log.INFO: Reconcile Web Forwards - Route local update: xss-test-om1s4 [] []
[2017-09-11 19:11:09] task_log.INFO: Reconcile Web Forwards - Route good updating local upstream: xss-test-om1s4 [] []
[2017-09-11 19:11:09] task_log.INFO: Reconcile Web Forwards - Storing local route: xss-test-om1s4 [] []
[2017-09-11 19:18:00] task_log.INFO: Reconcile Web Forwards - Routes: 1 [] []
[2017-09-11 19:18:00] task_log.INFO: Reconcile Web Forwards - Route local update: xss-test-om1s4 [] []
[2017-09-11 19:18:00] task_log.INFO: Reconcile Web Forwards - Route good updating local upstream: xss-test-om1s4 [] []
[2017-09-11 19:18:00] task_log.INFO: Reconcile Web Forwards - Storing local route: xss-test-om1s4 [] []
[2017-09-11 19:19:53] task_log.INFO: Reconcile Web Forwards - Routes: 1 [] []
[2017-09-11 19:19:53] task_log.INFO: Reconcile Web Forwards - Route local update: xss-test-om1s4 [] []
[2017-09-11 19:19:53] task_log.INFO: Reconcile Web Forwards - Route good updating local upstream: xss-test-om1s4 [] []
[2017-09-11 19:19:53] task_log.INFO: Reconcile Web Forwards - Storing local route: xss-test-om1s4 [] []
[2017-09-11 19:20:50] task_log.INFO: Reconcile Web Forwards - Routes: 1 [] []
[2017-09-11 19:20:50] task_log.INFO: Reconcile Web Forwards - Route local update: xss-test-om1s4 [] []
[2017-09-11 19:20:50] task_log.INFO: Reconcile Web Forwards - Route good updating local upstream: xss-test-om1s4 [] []
[2017-09-11 19:20:50] task_log.INFO: Reconcile Web Forwards - Storing local route: xss-test-om1s4 [] []
[2017-09-11 19:22:43] task_log.INFO: Reconcile Web Forwards - Routes: 1 [] []
[2017-09-11 19:22:43] task_log.INFO: Reconcile Web Forwards - Route local update: xss-test-om1s4 [] []
[2017-09-11 19:22:43] task_log.INFO: Reconcile Web Forwards - Route good updating local upstream: xss-test-om1s4 [] []
[2017-09-11 19:22:43] task_log.INFO: Reconcile Web Forwards - Storing local route: xss-test-om1s4 [] []
[2017-09-11 19:23:39] task_log.INFO: Reconcile Web Forwards - Routes: 1 [] []
[2017-09-11 19:23:39] task_log.INFO: Reconcile Web Forwards - Route local update: xss-test-om1s4 [] []
[2017-09-11 19:23:39] task_log.INFO: Reconcile Web Forwards - Route good updating local upstream: xss-test-om1s4 [] []
[2017-09-11 19:23:39] task_log.INFO: Reconcile Web Forwards - Storing local route: xss-test-om1s4 [] []
[2017-09-11 19:25:33] task_log.INFO: Reconcile Web Forwards - Routes: 1 [] []
[2017-09-11 19:25:33] task_log.INFO: Reconcile Web Forwards - Route local update: xss-test-om1s4 [] []
[2017-09-11 19:25:33] task_log.INFO: Reconcile Web Forwards - Route good updating local upstream: xss-test-om1s4 [] []
[2017-09-11 19:25:33] task_log.INFO: Reconcile Web Forwards - Storing local route: xss-test-om1s4 [] []
[2017-09-11 19:26:29] task_log.INFO: Reconcile Web Forwards - Routes: 1 [] []
[2017-09-11 19:26:29] task_log.INFO: Reconcile Web Forwards - Route local update: xss-test-om1s4 [] []
[2017-09-11 19:26:29] task_log.INFO: Reconcile Web Forwards - Route good updating local upstream: xss-test-om1s4 [] []
[2017-09-11 19:26:29] task_log.INFO: Reconcile Web Forwards - Storing local route: xss-test-om1s4 [] []
[2017-09-11 19:28:25] task_log.INFO: Reconcile Web Forwards - Routes: 1 [] []
[2017-09-11 19:28:25] task_log.INFO: Reconcile Web Forwards - Route local update: xss-test-om1s4 [] []
[2017-09-11 19:28:25] task_log.INFO: Reconcile Web Forwards - Route good updating local upstream: xss-test-om1s4 [] []
[2017-09-11 19:28:25] task_log.INFO: Reconcile Web Forwards - Storing local route: xss-test-om1s4 [] []
[2017-09-11 19:29:21] task_log.INFO: Reconcile Web Forwards - Routes: 1 [] []
[2017-09-11 19:29:21] task_log.INFO: Reconcile Web Forwards - Route local update: xss-test-om1s4 [] []
[2017-09-11 19:29:21] task_log.INFO: Reconcile Web Forwards - Route good updating local upstream: xss-test-om1s4 [] []
[2017-09-11 19:29:21] task_log.INFO: Reconcile Web Forwards - Storing local route: xss-test-om1s4 [] []
[2017-09-11 19:31:15] task_log.INFO: Reconcile Web Forwards - Routes: 1 [] []
[2017-09-11 19:31:15] task_log.INFO: Reconcile Web Forwards - Route local update: xss-test-om1s4 [] []
[2017-09-11 19:31:15] task_log.INFO: Reconcile Web Forwards - Route good updating local upstream: xss-test-om1s4 [] []
[2017-09-11 19:31:15] task_log.INFO: Reconcile Web Forwards - Storing local route: xss-test-om1s4 [] []
[2017-09-11 19:32:12] task_log.INFO: Reconcile Web Forwards - Routes: 1 [] []
[2017-09-11 19:32:12] task_log.INFO: Reconcile Web Forwards - Route local update: xss-test-om1s4 [] []
[2017-09-11 19:32:12] task_log.INFO: Reconcile Web Forwards - Route good updating local upstream: xss-test-om1s4 [] []
[2017-09-11 19:32:12] task_log.INFO: Reconcile Web Forwards - Storing local route: xss-test-om1s4 [] []
[2017-09-11 19:34:05] task_log.INFO: Reconcile Web Forwards - Routes: 1 [] []
[2017-09-11 19:34:05] task_log.INFO: Reconcile Web Forwards - Route local update: xss-test-om1s4 [] []
[2017-09-11 19:34:05] task_log.INFO: Reconcile Web Forwards - Route good updating local upstream: xss-test-om1s4 [] []
[2017-09-11 19:34:05] task_log.INFO: Reconcile Web Forwards - Storing local route: xss-test-om1s4 [] []
[2017-09-11 19:35:02] task_log.INFO: Reconcile Web Forwards - Routes: 1 [] []
[2017-09-11 19:35:02] task_log.INFO: Reconcile Web Forwards - Route local update: xss-test-om1s4 [] []
[2017-09-11 19:35:02] task_log.INFO: Reconcile Web Forwards - Route good updating local upstream: xss-test-om1s4 [] []
[2017-09-11 19:35:02] task_log.INFO: Reconcile Web Forwards - Storing local route: xss-test-om1s4 [] []
[2017-09-11 19:36:55] task_log.INFO: Reconcile Web Forwards - Routes: 1 [] []
[2017-09-11 19:36:55] task_log.INFO: Reconcile Web Forwards - Route local update: xss-test-om1s4 [] []
[2017-09-11 19:36:55] task_log.INFO: Reconcile Web Forwards - Route good updating local upstream: xss-test-om1s4 [] []
[2017-09-11 19:36:55] task_log.INFO: Reconcile Web Forwards - Storing local route: xss-test-om1s4 [] []
[2017-09-11 19:37:51] task_log.INFO: Reconcile Web Forwards - Routes: 1 [] []
[2017-09-11 19:37:52] task_log.INFO: Reconcile Web Forwards - Route local update: xss-test-om1s4 [] []
[2017-09-11 19:37:52] task_log.INFO: Reconcile Web Forwards - Route good updating local upstream: xss-test-om1s4 [] []
[2017-09-11 19:37:52] task_log.INFO: Reconcile Web Forwards - Storing local route: xss-test-om1s4 [] []
[2017-09-11 19:39:45] task_log.INFO: Reconcile Web Forwards - Routes: 1 [] []
[2017-09-11 19:39:45] task_log.INFO: Reconcile Web Forwards - Route local update: xss-test-om1s4 [] []
[2017-09-11 19:39:45] task_log.INFO: Reconcile Web Forwards - Route good updating local upstream: xss-test-om1s4 [] []
[2017-09-11 19:39:45] task_log.INFO: Reconcile Web Forwards - Storing local route: xss-test-om1s4 [] []
[2017-09-11 19:40:41] task_log.INFO: Reconcile Web Forwards - Routes: 1 [] []
[2017-09-11 19:40:41] task_log.INFO: Reconcile Web Forwards - Route local update: xss-test-om1s4 [] []
[2017-09-11 19:40:41] task_log.INFO: Reconcile Web Forwards - Route good updating local upstream: xss-test-om1s4 [] []
[2017-09-11 19:40:41] task_log.INFO: Reconcile Web Forwards - Storing local route: xss-test-om1s4 [] []
[2017-09-11 19:42:35] task_log.INFO: Reconcile Web Forwards - Routes: 1 [] []
[2017-09-11 19:42:35] task_log.INFO: Reconcile Web Forwards - Route local update: xss-test-om1s4 [] []
[2017-09-11 19:42:35] task_log.INFO: Reconcile Web Forwards - Route good updating local upstream: xss-test-om1s4 [] []
[2017-09-11 19:42:35] task_log.INFO: Reconcile Web Forwards - Storing local route: xss-test-om1s4 [] []
[2017-09-11 19:43:31] task_log.INFO: Reconcile Web Forwards - Routes: 1 [] []
[2017-09-11 19:43:31] task_log.INFO: Reconcile Web Forwards - Route local update: xss-test-om1s4 [] []
[2017-09-11 19:43:31] task_log.INFO: Reconcile Web Forwards - Route good updating local upstream: xss-test-om1s4 [] []
[2017-09-11 19:43:31] task_log.INFO: Reconcile Web Forwards - Storing local route: xss-test-om1s4 [] []
[2017-09-11 19:45:25] task_log.INFO: Reconcile Web Forwards - Routes: 1 [] []
[2017-09-11 19:45:25] task_log.INFO: Reconcile Web Forwards - Route local update: xss-test-om1s4 [] []
[2017-09-11 19:45:25] task_log.INFO: Reconcile Web Forwards - Route good updating local upstream: xss-test-om1s4 [] []
[2017-09-11 19:45:25] task_log.INFO: Reconcile Web Forwards - Storing local route: xss-test-om1s4 [] []
[2017-09-11 19:46:21] task_log.INFO: Reconcile Web Forwards - Routes: 1 [] []
[2017-09-11 19:46:22] task_log.INFO: Reconcile Web Forwards - Route local update: xss-test-om1s4 [] []
[2017-09-11 19:46:22] task_log.INFO: Reconcile Web Forwards - Route good updating local upstream: xss-test-om1s4 [] []
[2017-09-11 19:46:22] task_log.INFO: Reconcile Web Forwards - Storing local route: xss-test-om1s4 [] []
[2017-09-11 19:48:15] task_log.INFO: Reconcile Web Forwards - Routes: 1 [] []
[2017-09-11 19:48:15] task_log.INFO: Reconcile Web Forwards - Route local update: xss-test-om1s4 [] []
[2017-09-11 19:48:15] task_log.INFO: Reconcile Web Forwards - Route good updating local upstream: xss-test-om1s4 [] []
[2017-09-11 19:48:15] task_log.INFO: Reconcile Web Forwards - Storing local route: xss-test-om1s4 [] []
[2017-09-11 19:49:12] task_log.INFO: Reconcile Web Forwards - Routes: 1 [] []
[2017-09-11 19:49:12] task_log.INFO: Reconcile Web Forwards - Route local update: xss-test-om1s4 [] []
[2017-09-11 19:49:12] task_log.INFO: Reconcile Web Forwards - Route good updating local upstream: xss-test-om1s4 [] []
[2017-09-11 19:49:12] task_log.INFO: Reconcile Web Forwards - Storing local route: xss-test-om1s4 [] []
[2017-09-11 19:51:05] task_log.INFO: Reconcile Web Forwards - Routes: 1 [] []
[2017-09-11 19:51:06] task_log.INFO: Reconcile Web Forwards - Route local update: xss-test-om1s4 [] []
[2017-09-11 19:51:06] task_log.INFO: Reconcile Web Forwards - Route good updating local upstream: xss-test-om1s4 [] []
[2017-09-11 19:51:06] task_log.INFO: Reconcile Web Forwards - Storing local route: xss-test-om1s4 [] []
[2017-09-11 19:52:02] task_log.INFO: Reconcile Web Forwards - Routes: 1 [] []
[2017-09-11 19:52:02] task_log.INFO: Reconcile Web Forwards - Route local update: xss-test-om1s4 [] []
[2017-09-11 19:52:02] task_log.INFO: Reconcile Web Forwards - Route good updating local upstream: xss-test-om1s4 [] []
[2017-09-11 19:52:02] task_log.INFO: Reconcile Web Forwards - Storing local route: xss-test-om1s4 [] []
[2017-09-11 19:53:55] task_log.INFO: Reconcile Web Forwards - Routes: 1 [] []
[2017-09-11 19:53:55] task_log.INFO: Reconcile Web Forwards - Route local update: xss-test-om1s4 [] []
[2017-09-11 19:53:55] task_log.INFO: Reconcile Web Forwards - Route good updating local upstream: xss-test-om1s4 [] []
[2017-09-11 19:53:55] task_log.INFO: Reconcile Web Forwards - Storing local route: xss-test-om1s4 [] []
[2017-09-11 19:54:51] task_log.INFO: Reconcile Web Forwards - Routes: 1 [] []
[2017-09-11 19:54:51] task_log.INFO: Reconcile Web Forwards - Route local update: xss-test-om1s4 [] []
[2017-09-11 19:54:51] task_log.INFO: Reconcile Web Forwards - Route good updating local upstream: xss-test-om1s4 [] []
[2017-09-11 19:54:51] task_log.INFO: Reconcile Web Forwards - Storing local route: xss-test-om1s4 [] []
[2017-09-11 19:56:44] task_log.INFO: Reconcile Web Forwards - Routes: 1 [] []
[2017-09-11 19:56:45] task_log.INFO: Reconcile Web Forwards - Route local update: xss-test-om1s4 [] []
[2017-09-11 19:56:45] task_log.INFO: Reconcile Web Forwards - Route good updating local upstream: xss-test-om1s4 [] []
[2017-09-11 19:56:45] task_log.INFO: Reconcile Web Forwards - Storing local route: xss-test-om1s4 [] []
[2017-09-11 19:57:41] task_log.INFO: Reconcile Web Forwards - Routes: 1 [] []
[2017-09-11 19:57:41] task_log.INFO: Reconcile Web Forwards - Route local update: xss-test-om1s4 [] []
[2017-09-11 19:57:41] task_log.INFO: Reconcile Web Forwards - Route good updating local upstream: xss-test-om1s4 [] []
[2017-09-11 19:57:41] task_log.INFO: Reconcile Web Forwards - Storing local route: xss-test-om1s4 [] []
[2017-09-11 19:59:35] task_log.INFO: Reconcile Web Forwards - Routes: 1 [] []
[2017-09-11 19:59:35] task_log.INFO: Reconcile Web Forwards - Route local update: xss-test-om1s4 [] []
[2017-09-11 19:59:35] task_log.INFO: Reconcile Web Forwards - Route good updating local upstream: xss-test-om1s4 [] []
[2017-09-11 19:59:35] task_log.INFO: Reconcile Web Forwards - Storing local route: xss-test-om1s4 [] []
[2017-09-11 20:00:32] task_log.INFO: Reconcile Web Forwards - Routes: 1 [] []
[2017-09-11 20:00:32] task_log.INFO: Reconcile Web Forwards - Route local update: xss-test-om1s4 [] []
[2017-09-11 20:00:32] task_log.INFO: Reconcile Web Forwards - Route good updating local upstream: xss-test-om1s4 [] []
[2017-09-11 20:00:32] task_log.INFO: Reconcile Web Forwards - Storing local route: xss-test-om1s4 [] []
[2017-09-11 20:02:27] task_log.INFO: Reconcile Web Forwards - Routes: 1 [] []
[2017-09-11 20:02:27] task_log.INFO: Reconcile Web Forwards - Route local update: xss-test-om1s4 [] []
[2017-09-11 20:02:27] task_log.INFO: Reconcile Web Forwards - Route good updating local upstream: xss-test-om1s4 [] []
[2017-09-11 20:02:27] task_log.INFO: Reconcile Web Forwards - Storing local route: xss-test-om1s4 [] []
[2017-09-11 21:23:01] task_log.INFO: Reconcile Web Forwards - Routes: 1 [] []
[2017-09-11 21:23:01] task_log.INFO: Reconcile Web Forwards - Route local update: xxx-aeqiq [] []
[2017-09-11 21:23:01] task_log.INFO: Reconcile Web Forwards - Route remote still has 127.0.0.1 IP: xxx-aeqiq [] []
[2017-09-11 21:23:01] task_log.INFO: Reconcile Web Forwards - Storing local route: xxx-aeqiq [] []
[2017-09-11 21:24:01] task_log.INFO: Reconcile Web Forwards - Routes: 1 [] []
[2017-09-11 21:24:01] task_log.INFO: Reconcile Web Forwards - Route local update: xxx-aeqiq [] []
[2017-09-11 21:24:01] task_log.INFO: Reconcile Web Forwards - Route remote still has 127.0.0.1 IP: xxx-aeqiq [] []
[2017-09-11 21:24:01] task_log.INFO: Reconcile Web Forwards - Storing local route: xxx-aeqiq [] []
[2017-09-11 21:24:56] task_log.INFO: Reconcile Web Forwards - Routes: 1 [] []
[2017-09-11 21:24:56] task_log.INFO: Reconcile Web Forwards - Route local update: xxx-aeqiq [] []
[2017-09-11 21:24:56] task_log.INFO: Reconcile Web Forwards - Route remote still has 127.0.0.1 IP: xxx-aeqiq [] []
[2017-09-11 21:24:56] task_log.INFO: Reconcile Web Forwards - Storing local route: xxx-aeqiq [] []
[2017-09-11 21:25:56] task_log.INFO: Reconcile Web Forwards - Routes: 1 [] []
[2017-09-11 21:25:56] task_log.INFO: Reconcile Web Forwards - Route local update: xxx-aeqiq [] []
[2017-09-11 21:25:56] task_log.INFO: Reconcile Web Forwards - Route remote still has 127.0.0.1 IP: xxx-aeqiq [] []
[2017-09-11 21:25:56] task_log.INFO: Reconcile Web Forwards - Storing local route: xxx-aeqiq [] []
[2017-09-11 21:26:56] task_log.INFO: Reconcile Web Forwards - Routes: 1 [] []
[2017-09-11 21:26:56] task_log.INFO: Reconcile Web Forwards - Route local update: xxx-aeqiq [] []
[2017-09-11 21:26:56] task_log.INFO: Reconcile Web Forwards - Route remote still has 127.0.0.1 IP: xxx-aeqiq [] []
[2017-09-11 21:26:56] task_log.INFO: Reconcile Web Forwards - Storing local route: xxx-aeqiq [] []
[2017-09-11 21:27:56] task_log.INFO: Reconcile Web Forwards - Routes: 1 [] []
[2017-09-11 21:27:56] task_log.INFO: Reconcile Web Forwards - Route local update: xxx-aeqiq [] []
[2017-09-11 21:27:56] task_log.INFO: Reconcile Web Forwards - Route good updating local upstream: xxx-aeqiq [] []
[2017-09-11 21:27:56] task_log.INFO: Reconcile Web Forwards - Storing local route: xxx-aeqiq [] []
[2017-09-11 21:44:37] task_log.INFO: Reconcile Web Forwards - Routes: 1 [] []
[2017-09-11 21:44:37] task_log.INFO: Reconcile Web Forwards - Route local update: xxx-aeqiq [] []
[2017-09-11 21:44:37] task_log.INFO: Reconcile Web Forwards - Route good updating local upstream: xxx-aeqiq [] []
[2017-09-11 21:44:37] task_log.INFO: Reconcile Web Forwards - Storing local route: xxx-aeqiq [] []
[2017-09-11 21:45:32] task_log.INFO: Reconcile Web Forwards - Routes: 1 [] []
[2017-09-11 21:45:32] task_log.INFO: Reconcile Web Forwards - Route local update: abcdefg-pxmug [] []
[2017-09-11 21:45:32] task_log.INFO: Reconcile Web Forwards - Route remote still has 127.0.0.1 IP: abcdefg-pxmug [] []
[2017-09-11 21:45:32] task_log.INFO: Reconcile Web Forwards - Storing local route: abcdefg-pxmug [] []
[2017-09-11 21:46:31] task_log.INFO: Reconcile Web Forwards - Routes: 1 [] []
[2017-09-11 21:46:31] task_log.INFO: Reconcile Web Forwards - Route local update: blog-nm7i4 [] []
[2017-09-11 21:46:31] task_log.INFO: Reconcile Web Forwards - Route remote still has 127.0.0.1 IP: blog-nm7i4 [] []
[2017-09-11 21:46:31] task_log.INFO: Reconcile Web Forwards - Storing local route: blog-nm7i4 [] []
[2017-09-11 21:47:31] task_log.INFO: Reconcile Web Forwards - Routes: 1 [] []
[2017-09-11 21:47:31] task_log.INFO: Reconcile Web Forwards - Route local update: home-evvs7 [] []
[2017-09-11 21:47:31] task_log.INFO: Reconcile Web Forwards - Route remote still has 127.0.0.1 IP: home-evvs7 [] []
[2017-09-11 21:47:31] task_log.INFO: Reconcile Web Forwards - Storing local route: home-evvs7 [] []
[2017-09-11 21:48:28] task_log.INFO: Reconcile Web Forwards - Routes: 1 [] []
[2017-09-11 21:48:28] task_log.INFO: Reconcile Web Forwards - Route local update: home-evvs7 [] []
[2017-09-11 21:48:28] task_log.INFO: Reconcile Web Forwards - Route remote still has 127.0.0.1 IP: home-evvs7 [] []
[2017-09-11 21:48:28] task_log.INFO: Reconcile Web Forwards - Storing local route: home-evvs7 [] []
[2017-09-11 21:49:24] task_log.INFO: Reconcile Web Forwards - Routes: 1 [] []
[2017-09-11 21:49:24] task_log.INFO: Reconcile Web Forwards - Route local update: home-evvs7 [] []
[2017-09-11 21:49:24] task_log.INFO: Reconcile Web Forwards - Route good updating local upstream: home-evvs7 [] []
[2017-09-11 21:49:24] task_log.INFO: Reconcile Web Forwards - Storing local route: home-evvs7 [] []
[2017-09-11 21:52:18] task_log.INFO: Reconcile Web Forwards - Routes: 1 [] []
[2017-09-11 21:52:18] task_log.INFO: Reconcile Web Forwards - Route local update: learning-jaybird-editor-zzqhp [] []
[2017-09-11 21:52:18] task_log.INFO: Reconcile Web Forwards - Route good updating local upstream: learning-jaybird-editor-zzqhp [] []
[2017-09-11 21:52:18] task_log.INFO: Reconcile Web Forwards - Storing local route: learning-jaybird-editor-zzqhp [] []
[2017-09-11 22:02:58] task_log.INFO: Reconcile Web Forwards - Routes: 1 [] []
[2017-09-11 22:02:58] task_log.INFO: Reconcile Web Forwards - Route local update: ubuntu17-04-jaxfg [] []
[2017-09-11 22:02:58] task_log.INFO: Reconcile Web Forwards - Route good updating local upstream: ubuntu17-04-jaxfg [] []
[2017-09-11 22:02:58] task_log.INFO: Reconcile Web Forwards - Storing local route: ubuntu17-04-jaxfg [] []
[2017-09-11 22:06:55] task_log.INFO: Reconcile Web Forwards - Routes: 1 [] []
[2017-09-11 22:06:55] task_log.INFO: Reconcile Web Forwards - Route local update: shit-exqc9 [] []
[2017-09-11 22:06:55] task_log.INFO: Reconcile Web Forwards - Route remote still has 127.0.0.1 IP: shit-exqc9 [] []
[2017-09-11 22:06:55] task_log.INFO: Reconcile Web Forwards - Storing local route: shit-exqc9 [] []
[2017-09-11 22:07:51] task_log.INFO: Reconcile Web Forwards - Routes: 1 [] []
[2017-09-11 22:07:51] task_log.INFO: Reconcile Web Forwards - Route local update: shit-exqc9 [] []
[2017-09-11 22:07:51] task_log.INFO: Reconcile Web Forwards - Route good updating local upstream: shit-exqc9 [] []
[2017-09-11 22:07:51] task_log.INFO: Reconcile Web Forwards - Storing local route: shit-exqc9 [] []
[2017-09-11 22:08:46] task_log.INFO: Reconcile Web Forwards - Routes: 1 [] []
[2017-09-11 22:08:46] task_log.INFO: Reconcile Web Forwards - Route local update: shit-exqc9 [] []
[2017-09-11 22:08:46] task_log.INFO: Reconcile Web Forwards - Route good updating local upstream: shit-exqc9 [] []
[2017-09-11 22:08:46] task_log.INFO: Reconcile Web Forwards - Storing local route: shit-exqc9 [] []
[2017-09-11 22:14:41] task_log.INFO: Reconcile Web Forwards - Routes: 1 [] []
[2017-09-11 22:14:41] task_log.INFO: Reconcile Web Forwards - Route local update: shit-exqc9 [] []
[2017-09-11 22:14:41] task_log.INFO: Reconcile Web Forwards - Route good updating local upstream: shit-exqc9 [] []
[2017-09-11 22:14:41] task_log.INFO: Reconcile Web Forwards - Storing local route: shit-exqc9 [] []
[2017-09-11 22:18:33] task_log.INFO: Reconcile Web Forwards - Routes: 1 [] []
[2017-09-11 22:18:34] task_log.INFO: Reconcile Web Forwards - Route local update: lamp-yaml-6kbtq [] []
[2017-09-11 22:18:34] task_log.INFO: Reconcile Web Forwards - Route good updating local upstream: lamp-yaml-6kbtq [] []
[2017-09-11 22:18:34] task_log.INFO: Reconcile Web Forwards - Storing local route: lamp-yaml-6kbtq [] []
[2017-09-11 22:38:02] task_log.INFO: Reconcile Web Forwards - Routes: 1 [] []
[2017-09-11 22:38:02] task_log.INFO: Reconcile Web Forwards - Route local update: wordpress-zpwtw [] []
[2017-09-11 22:38:02] task_log.INFO: Reconcile Web Forwards - Route good updating local upstream: wordpress-zpwtw [] []
[2017-09-11 22:38:02] task_log.INFO: Reconcile Web Forwards - Storing local route: wordpress-zpwtw [] []
[2017-09-11 22:55:31] task_log.INFO: Reconcile Web Forwards - Routes: 1 [] []
[2017-09-11 22:55:31] task_log.INFO: Reconcile Web Forwards - Route local update: wordpress-zpwtw [] []
[2017-09-11 22:55:31] task_log.INFO: Reconcile Web Forwards - Route good updating local upstream: wordpress-zpwtw [] []
[2017-09-11 22:55:31] task_log.INFO: Reconcile Web Forwards - Storing local route: wordpress-zpwtw [] []
[2017-09-11 23:06:14] task_log.INFO: Reconcile Web Forwards - Routes: 1 [] []
[2017-09-11 23:06:14] task_log.INFO: Reconcile Web Forwards - Route local update: wordpress-kpmi5 [] []
[2017-09-11 23:06:14] task_log.INFO: Reconcile Web Forwards - Route good updating local upstream: wordpress-kpmi5 [] []
[2017-09-11 23:06:14] task_log.INFO: Reconcile Web Forwards - Storing local route: wordpress-kpmi5 [] []
[2017-09-11 23:08:07] task_log.INFO: Reconcile Web Forwards - Routes: 1 [] []
[2017-09-11 23:08:07] task_log.INFO: Reconcile Web Forwards - Route local update: fffgg-WordPress-kPmi5 [] []
[2017-09-11 23:08:07] task_log.INFO: Reconcile Web Forwards - Route good updating local upstream: fffgg-WordPress-kPmi5 [] []
[2017-09-11 23:08:07] task_log.INFO: Reconcile Web Forwards - Storing local route: fffgg-WordPress-kPmi5 [] []
[2017-09-11 23:09:04] task_log.INFO: Reconcile Web Forwards - Routes: 1 [] []
[2017-09-11 23:09:04] task_log.INFO: Reconcile Web Forwards - Route local update: gggfffffff-WordPress-kPmi5 [] []
[2017-09-11 23:09:04] task_log.INFO: Reconcile Web Forwards - Route good updating local upstream: gggfffffff-WordPress-kPmi5 [] []
[2017-09-11 23:09:04] task_log.INFO: Reconcile Web Forwards - Storing local route: gggfffffff-WordPress-kPmi5 [] []
[2017-09-11 23:12:49] task_log.INFO: Reconcile Web Forwards - Routes: 1 [] []
[2017-09-11 23:12:49] task_log.INFO: Reconcile Web Forwards - Route local update: wordpress-mdysg [] []
[2017-09-11 23:12:49] task_log.INFO: Reconcile Web Forwards - Route good updating local upstream: wordpress-mdysg [] []
[2017-09-11 23:12:49] task_log.INFO: Reconcile Web Forwards - Storing local route: wordpress-mdysg [] []
[2017-09-11 23:18:28] task_log.INFO: Reconcile Web Forwards - Routes: 1 [] []
[2017-09-11 23:18:29] task_log.INFO: Reconcile Web Forwards - Route local update: yes-test-bzmtn [] []
[2017-09-11 23:18:29] task_log.INFO: Reconcile Web Forwards - Route good updating local upstream: yes-test-bzmtn [] []
[2017-09-11 23:18:29] task_log.INFO: Reconcile Web Forwards - Storing local route: yes-test-bzmtn [] []
[2017-09-11 23:25:21] task_log.INFO: Reconcile Web Forwards - Routes: 1 [] []
[2017-09-11 23:25:21] task_log.INFO: Reconcile Web Forwards - Route local update: yes-test-8kzh1 [] []
[2017-09-11 23:25:21] task_log.INFO: Reconcile Web Forwards - Route remote still has 127.0.0.1 IP: yes-test-8kzh1 [] []
[2017-09-11 23:25:21] task_log.INFO: Reconcile Web Forwards - Storing local route: yes-test-8kzh1 [] []
[2017-09-11 23:26:18] task_log.INFO: Reconcile Web Forwards - Routes: 1 [] []
[2017-09-11 23:26:18] task_log.INFO: Reconcile Web Forwards - Route local update: yes-test-8kzh1 [] []
[2017-09-11 23:26:18] task_log.INFO: Reconcile Web Forwards - Route good updating local upstream: yes-test-8kzh1 [] []
[2017-09-11 23:26:18] task_log.INFO: Reconcile Web Forwards - Storing local route: yes-test-8kzh1 [] []
[2017-09-11 23:34:00] task_log.INFO: Reconcile Web Forwards - Routes: 1 [] []
[2017-09-11 23:34:00] task_log.INFO: Reconcile Web Forwards - Route local update: yes-test-wyws4 [] []
[2017-09-11 23:34:00] task_log.INFO: Reconcile Web Forwards - Route good updating local upstream: yes-test-wyws4 [] []
[2017-09-11 23:34:00] task_log.INFO: Reconcile Web Forwards - Storing local route: yes-test-wyws4 [] []
[2017-09-11 23:36:48] task_log.INFO: Reconcile Web Forwards - Routes: 1 [] []
[2017-09-11 23:36:48] task_log.INFO: Reconcile Web Forwards - Route local update: yes-test-lngs1 [] []
[2017-09-11 23:36:48] task_log.INFO: Reconcile Web Forwards - Route good updating local upstream: yes-test-lngs1 [] []
[2017-09-11 23:36:48] task_log.INFO: Reconcile Web Forwards - Storing local route: yes-test-lngs1 [] []
[2017-09-11 23:37:45] task_log.INFO: Reconcile Web Forwards - Routes: 1 [] []
[2017-09-11 23:37:45] task_log.INFO: Reconcile Web Forwards - Route local update: yes-test-jlysg [] []
[2017-09-11 23:37:45] task_log.INFO: Reconcile Web Forwards - Route remote still has 127.0.0.1 IP: yes-test-jlysg [] []
[2017-09-11 23:37:45] task_log.INFO: Reconcile Web Forwards - Storing local route: yes-test-jlysg [] []
[2017-09-11 23:38:44] task_log.INFO: Reconcile Web Forwards - Routes: 1 [] []
[2017-09-11 23:38:44] task_log.INFO: Reconcile Web Forwards - Route local update: yes-test-jlysg [] []
[2017-09-11 23:38:44] task_log.INFO: Reconcile Web Forwards - Route good updating local upstream: yes-test-jlysg [] []
[2017-09-11 23:38:44] task_log.INFO: Reconcile Web Forwards - Storing local route: yes-test-jlysg [] []
