[2017-09-13 05:14:49] task_log.INFO: Reconcile Web Forwards - Routes: 1 [] []
[2017-09-13 05:14:49] task_log.INFO: Reconcile Web Forwards - Route local update: test-9glco [] []
[2017-09-13 05:14:49] task_log.INFO: Reconcile Web Forwards - Route remote still has 127.0.0.1 IP: test-9glco [] []
[2017-09-13 05:14:49] task_log.INFO: Reconcile Web Forwards - Storing local route: test-9glco [] []
[2017-09-13 05:15:44] task_log.INFO: Reconcile Web Forwards - Routes: 1 [] []
[2017-09-13 05:15:44] task_log.INFO: Reconcile Web Forwards - Route local update: test-9glco [] []
[2017-09-13 05:15:44] task_log.INFO: Reconcile Web Forwards - Route good updating local upstream: test-9glco [] []
[2017-09-13 05:15:44] task_log.INFO: Reconcile Web Forwards - Storing local route: test-9glco [] []
[2017-09-13 05:40:25] task_log.INFO: Reconcile Web Forwards - Routes: 1 [] []
[2017-09-13 05:40:25] task_log.INFO: Reconcile Web Forwards - Route local update: gitlab-ce-k2ycg [] []
[2017-09-13 05:40:25] task_log.INFO: Reconcile Web Forwards - Route remote still has 127.0.0.1 IP: gitlab-ce-k2ycg [] []
[2017-09-13 05:40:25] task_log.INFO: Reconcile Web Forwards - Storing local route: gitlab-ce-k2ycg [] []
[2017-09-13 05:45:15] task_log.INFO: Reconcile Web Forwards - Routes: 1 [] []
[2017-09-13 05:45:17] task_log.INFO: Reconcile Web Forwards - Route local update: gitlab-ce-7jbs7 [] []
[2017-09-13 05:45:17] task_log.INFO: Reconcile Web Forwards - Route good updating local upstream: gitlab-ce-7jbs7 [] []
[2017-09-13 05:45:17] task_log.INFO: Reconcile Web Forwards - Storing local route: gitlab-ce-7jbs7 [] []
[2017-09-13 05:48:06] task_log.INFO: Reconcile Web Forwards - Routes: 1 [] []
[2017-09-13 05:48:06] task_log.INFO: Reconcile Web Forwards - Route local update: gitlab-ce-9gnfb [] []
[2017-09-13 05:48:06] task_log.INFO: Reconcile Web Forwards - Route good updating local upstream: gitlab-ce-9gnfb [] []
[2017-09-13 05:48:06] task_log.INFO: Reconcile Web Forwards - Storing local route: gitlab-ce-9gnfb [] []
[2017-09-13 05:53:48] task_log.INFO: Reconcile Web Forwards - Routes: 1 [] []
[2017-09-13 05:53:48] task_log.INFO: Reconcile Web Forwards - Route local update: gitlab-ce-b9rcm [] []
[2017-09-13 05:53:48] task_log.INFO: Reconcile Web Forwards - Route remote still has 127.0.0.1 IP: gitlab-ce-b9rcm [] []
[2017-09-13 05:53:48] task_log.INFO: Reconcile Web Forwards - Storing local route: gitlab-ce-b9rcm [] []
[2017-09-13 05:54:45] task_log.INFO: Reconcile Web Forwards - Routes: 1 [] []
[2017-09-13 05:54:45] task_log.INFO: Reconcile Web Forwards - Route local update: gitlab-ce-b9rcm [] []
[2017-09-13 05:54:45] task_log.INFO: Reconcile Web Forwards - Route good updating local upstream: gitlab-ce-b9rcm [] []
[2017-09-13 05:54:45] task_log.INFO: Reconcile Web Forwards - Storing local route: gitlab-ce-b9rcm [] []
[2017-09-13 07:01:56] task_log.INFO: Reconcile Web Forwards - Routes: 1 [] []
[2017-09-13 07:01:56] task_log.INFO: Reconcile Web Forwards - Route local update: cloud-developer-hybrid-php-cms-q6pf4 [] []
[2017-09-13 07:01:56] task_log.INFO: Reconcile Web Forwards - Route good updating local upstream: cloud-developer-hybrid-php-cms-q6pf4 [] []
[2017-09-13 07:01:56] task_log.INFO: Reconcile Web Forwards - Storing local route: cloud-developer-hybrid-php-cms-q6pf4 [] []
[2017-09-13 07:43:16] task_log.INFO: Reconcile Web Forwards - Routes: 1 [] []
[2017-09-13 07:43:17] task_log.INFO: Reconcile Web Forwards - Route local update: cloud-developer-hybrid-php-cms-x7qix [] []
[2017-09-13 07:43:17] task_log.INFO: Reconcile Web Forwards - Route remote still has 127.0.0.1 IP: cloud-developer-hybrid-php-cms-x7qix [] []
[2017-09-13 07:43:17] task_log.INFO: Reconcile Web Forwards - Storing local route: cloud-developer-hybrid-php-cms-x7qix [] []
[2017-09-13 07:44:10] task_log.INFO: Reconcile Web Forwards - Routes: 1 [] []
[2017-09-13 07:44:10] task_log.INFO: Reconcile Web Forwards - Route local update: cloud-developer-hybrid-php-cms-x7qix [] []
[2017-09-13 07:44:10] task_log.INFO: Reconcile Web Forwards - Route good updating local upstream: cloud-developer-hybrid-php-cms-x7qix [] []
[2017-09-13 07:44:10] task_log.INFO: Reconcile Web Forwards - Storing local route: cloud-developer-hybrid-php-cms-x7qix [] []
[2017-09-13 07:59:47] task_log.INFO: Reconcile Web Forwards - Routes: 1 [] []
[2017-09-13 07:59:49] task_log.INFO: Reconcile Web Forwards - Route local update: php-composer-w8wux [] []
[2017-09-13 07:59:49] task_log.INFO: Reconcile Web Forwards - Route remote still has 127.0.0.1 IP: php-composer-w8wux [] []
[2017-09-13 07:59:50] task_log.INFO: Reconcile Web Forwards - Storing local route: php-composer-w8wux [] []
[2017-09-13 08:00:46] task_log.INFO: Reconcile Web Forwards - Routes: 1 [] []
[2017-09-13 08:00:46] task_log.INFO: Reconcile Web Forwards - Route local update: php-composer-w8wux [] []
[2017-09-13 08:00:46] task_log.INFO: Reconcile Web Forwards - Route good updating local upstream: php-composer-w8wux [] []
[2017-09-13 08:00:46] task_log.INFO: Reconcile Web Forwards - Storing local route: php-composer-w8wux [] []
[2017-09-13 08:03:37] task_log.INFO: Reconcile Web Forwards - Routes: 1 [] []
[2017-09-13 08:03:37] task_log.INFO: Reconcile Web Forwards - Route local update: php-composer-olwig [] []
[2017-09-13 08:03:37] task_log.INFO: Reconcile Web Forwards - Route good updating local upstream: php-composer-olwig [] []
[2017-09-13 08:03:37] task_log.INFO: Reconcile Web Forwards - Storing local route: php-composer-olwig [] []
[2017-09-13 08:06:26] task_log.INFO: Reconcile Web Forwards - Routes: 1 [] []
[2017-09-13 08:06:26] task_log.INFO: Reconcile Web Forwards - Route local update: php-composer-vbouz [] []
[2017-09-13 08:06:26] task_log.INFO: Reconcile Web Forwards - Route remote still has 127.0.0.1 IP: php-composer-vbouz [] []
[2017-09-13 08:06:26] task_log.INFO: Reconcile Web Forwards - Storing local route: php-composer-vbouz [] []
[2017-09-13 08:07:23] task_log.INFO: Reconcile Web Forwards - Routes: 1 [] []
[2017-09-13 08:07:23] task_log.INFO: Reconcile Web Forwards - Route local update: php-composer-vbouz [] []
[2017-09-13 08:07:23] task_log.INFO: Reconcile Web Forwards - Route good updating local upstream: php-composer-vbouz [] []
[2017-09-13 08:07:23] task_log.INFO: Reconcile Web Forwards - Storing local route: php-composer-vbouz [] []
[2017-09-13 08:12:12] task_log.INFO: Reconcile Web Forwards - Routes: 1 [] []
[2017-09-13 08:12:12] task_log.INFO: Reconcile Web Forwards - Route local update: php-composer-p6lh4 [] []
[2017-09-13 08:12:12] task_log.INFO: Reconcile Web Forwards - Route remote still has 127.0.0.1 IP: php-composer-p6lh4 [] []
[2017-09-13 08:12:12] task_log.INFO: Reconcile Web Forwards - Storing local route: php-composer-p6lh4 [] []
[2017-09-13 08:13:10] task_log.INFO: Reconcile Web Forwards - Routes: 1 [] []
[2017-09-13 08:13:10] task_log.INFO: Reconcile Web Forwards - Route local update: php-composer-p6lh4 [] []
[2017-09-13 08:13:10] task_log.INFO: Reconcile Web Forwards - Route good updating local upstream: php-composer-p6lh4 [] []
[2017-09-13 08:13:10] task_log.INFO: Reconcile Web Forwards - Storing local route: php-composer-p6lh4 [] []
[2017-09-13 08:18:58] task_log.INFO: Reconcile Web Forwards - Routes: 1 [] []
[2017-09-13 08:18:58] task_log.INFO: Reconcile Web Forwards - Route local update: cloud-developer-hybrid-php-cms-5oxt1 [] []
[2017-09-13 08:18:58] task_log.INFO: Reconcile Web Forwards - Route good updating local upstream: cloud-developer-hybrid-php-cms-5oxt1 [] []
[2017-09-13 08:18:58] task_log.INFO: Reconcile Web Forwards - Storing local route: cloud-developer-hybrid-php-cms-5oxt1 [] []
[2017-09-13 08:28:38] task_log.INFO: Reconcile Web Forwards - Routes: 1 [] []
[2017-09-13 08:28:38] task_log.INFO: Reconcile Web Forwards - Route local update: cloud-developer-hybrid-php-cms-ll8h4 [] []
[2017-09-13 08:28:38] task_log.INFO: Reconcile Web Forwards - Route good updating local upstream: cloud-developer-hybrid-php-cms-ll8h4 [] []
[2017-09-13 08:28:38] task_log.INFO: Reconcile Web Forwards - Storing local route: cloud-developer-hybrid-php-cms-ll8h4 [] []
[2017-09-13 08:40:13] task_log.INFO: Reconcile Web Forwards - Routes: 1 [] []
[2017-09-13 08:40:13] task_log.INFO: Reconcile Web Forwards - Route local update: cloud-developer-hybrid-php-cms-ll8h4 [] []
[2017-09-13 08:40:13] task_log.INFO: Reconcile Web Forwards - Route good updating local upstream: cloud-developer-hybrid-php-cms-ll8h4 [] []
[2017-09-13 08:40:13] task_log.INFO: Reconcile Web Forwards - Storing local route: cloud-developer-hybrid-php-cms-ll8h4 [] []
[2017-09-13 08:51:56] task_log.INFO: Reconcile Web Forwards - Routes: 1 [] []
[2017-09-13 08:51:56] task_log.INFO: Reconcile Web Forwards - Route local update: cloud-developer-hybrid-php-cms-4z6u1 [] []
[2017-09-13 08:51:56] task_log.INFO: Reconcile Web Forwards - Route good updating local upstream: cloud-developer-hybrid-php-cms-4z6u1 [] []
[2017-09-13 08:51:56] task_log.INFO: Reconcile Web Forwards - Storing local route: cloud-developer-hybrid-php-cms-4z6u1 [] []
[2017-09-13 08:58:40] task_log.INFO: Reconcile Web Forwards - Routes: 1 [] []
[2017-09-13 08:58:40] task_log.INFO: Reconcile Web Forwards - Route local update: cloud-developer-hybrid-php-cms-4z6u1 [] []
[2017-09-13 08:58:40] task_log.INFO: Reconcile Web Forwards - Route good updating local upstream: cloud-developer-hybrid-php-cms-4z6u1 [] []
[2017-09-13 08:58:40] task_log.INFO: Reconcile Web Forwards - Storing local route: cloud-developer-hybrid-php-cms-4z6u1 [] []
[2017-09-13 09:02:35] task_log.INFO: Reconcile Web Forwards - Routes: 1 [] []
[2017-09-13 09:02:36] task_log.INFO: Reconcile Web Forwards - Route local update: cloud-developer-hybrid-php-cms-2xniq [] []
[2017-09-13 09:02:36] task_log.INFO: Reconcile Web Forwards - Route remote still has 127.0.0.1 IP: cloud-developer-hybrid-php-cms-2xniq [] []
[2017-09-13 09:02:36] task_log.INFO: Reconcile Web Forwards - Storing local route: cloud-developer-hybrid-php-cms-2xniq [] []
[2017-09-13 09:04:31] task_log.INFO: Reconcile Web Forwards - Routes: 1 [] []
[2017-09-13 09:04:32] task_log.INFO: Reconcile Web Forwards - Route local update: cloud-developer-hybrid-php-cms-gxntz [] []
[2017-09-13 09:04:32] task_log.INFO: Reconcile Web Forwards - Route remote still has 127.0.0.1 IP: cloud-developer-hybrid-php-cms-gxntz [] []
[2017-09-13 09:04:32] task_log.INFO: Reconcile Web Forwards - Storing local route: cloud-developer-hybrid-php-cms-gxntz [] []
[2017-09-13 09:05:30] task_log.INFO: Reconcile Web Forwards - Routes: 1 [] []
[2017-09-13 09:05:30] task_log.INFO: Reconcile Web Forwards - Route local update: cloud-developer-hybrid-php-cms-gxntz [] []
[2017-09-13 09:05:30] task_log.INFO: Reconcile Web Forwards - Route remote still has 127.0.0.1 IP: cloud-developer-hybrid-php-cms-gxntz [] []
[2017-09-13 09:05:30] task_log.INFO: Reconcile Web Forwards - Storing local route: cloud-developer-hybrid-php-cms-gxntz [] []
[2017-09-13 09:06:26] task_log.INFO: Reconcile Web Forwards - Routes: 1 [] []
[2017-09-13 09:06:26] task_log.INFO: Reconcile Web Forwards - Route local update: cloud-developer-hybrid-php-cms-gxntz [] []
[2017-09-13 09:06:26] task_log.INFO: Reconcile Web Forwards - Route good updating local upstream: cloud-developer-hybrid-php-cms-gxntz [] []
[2017-09-13 09:06:26] task_log.INFO: Reconcile Web Forwards - Storing local route: cloud-developer-hybrid-php-cms-gxntz [] []
[2017-09-13 09:20:09] task_log.INFO: Reconcile Web Forwards - Routes: 1 [] []
[2017-09-13 09:20:11] task_log.INFO: Reconcile Web Forwards - Route local update: cloud-developer-hybrid-php-cms-q2zfg [] []
[2017-09-13 09:20:11] task_log.INFO: Reconcile Web Forwards - Route good updating local upstream: cloud-developer-hybrid-php-cms-q2zfg [] []
[2017-09-13 09:20:11] task_log.INFO: Reconcile Web Forwards - Storing local route: cloud-developer-hybrid-php-cms-q2zfg [] []
[2017-09-13 09:27:38] task_log.INFO: Reconcile Web Forwards - Routes: 1 [] []
[2017-09-13 09:27:38] task_log.INFO: Reconcile Web Forwards - Route local update: cloud-developer-hybrid-php-cms-0mbc1 [] []
[2017-09-13 09:27:38] task_log.INFO: Reconcile Web Forwards - Route remote still has 127.0.0.1 IP: cloud-developer-hybrid-php-cms-0mbc1 [] []
[2017-09-13 09:27:38] task_log.INFO: Reconcile Web Forwards - Storing local route: cloud-developer-hybrid-php-cms-0mbc1 [] []
[2017-09-13 09:28:35] task_log.INFO: Reconcile Web Forwards - Routes: 1 [] []
[2017-09-13 09:28:35] task_log.INFO: Reconcile Web Forwards - Route local update: cloud-developer-hybrid-php-cms-0mbc1 [] []
[2017-09-13 09:28:35] task_log.INFO: Reconcile Web Forwards - Route good updating local upstream: cloud-developer-hybrid-php-cms-0mbc1 [] []
[2017-09-13 09:28:35] task_log.INFO: Reconcile Web Forwards - Storing local route: cloud-developer-hybrid-php-cms-0mbc1 [] []
[2017-09-13 09:35:07] task_log.INFO: Reconcile Web Forwards - Routes: 1 [] []
[2017-09-13 09:35:07] task_log.INFO: Reconcile Web Forwards - Route local update: cloud-developer-hybrid-php-cms-0mbc1 [] []
[2017-09-13 09:35:07] task_log.INFO: Reconcile Web Forwards - Route good updating local upstream: cloud-developer-hybrid-php-cms-0mbc1 [] []
[2017-09-13 09:35:07] task_log.INFO: Reconcile Web Forwards - Storing local route: cloud-developer-hybrid-php-cms-0mbc1 [] []
[2017-09-13 09:40:03] task_log.INFO: Reconcile Web Forwards - Routes: 1 [] []
[2017-09-13 09:40:03] task_log.INFO: Reconcile Web Forwards - Route local update: cloud-developer-hybrid-php-cms-nlzin [] []
[2017-09-13 09:40:03] task_log.INFO: Reconcile Web Forwards - Route remote still has 127.0.0.1 IP: cloud-developer-hybrid-php-cms-nlzin [] []
[2017-09-13 09:40:03] task_log.INFO: Reconcile Web Forwards - Storing local route: cloud-developer-hybrid-php-cms-nlzin [] []
[2017-09-13 09:40:58] task_log.INFO: Reconcile Web Forwards - Routes: 1 [] []
[2017-09-13 09:41:01] task_log.INFO: Reconcile Web Forwards - Route local update: cloud-developer-hybrid-php-cms-nlzin [] []
[2017-09-13 09:41:01] task_log.INFO: Reconcile Web Forwards - Route remote still has 127.0.0.1 IP: cloud-developer-hybrid-php-cms-nlzin [] []
[2017-09-13 09:41:01] task_log.INFO: Reconcile Web Forwards - Storing local route: cloud-developer-hybrid-php-cms-nlzin [] []
[2017-09-13 09:41:55] task_log.INFO: Reconcile Web Forwards - Routes: 1 [] []
[2017-09-13 09:41:56] task_log.INFO: Reconcile Web Forwards - Route local update: cloud-developer-hybrid-php-cms-nlzin [] []
[2017-09-13 09:41:56] task_log.INFO: Reconcile Web Forwards - Route remote still has 127.0.0.1 IP: cloud-developer-hybrid-php-cms-nlzin [] []
[2017-09-13 09:41:56] task_log.INFO: Reconcile Web Forwards - Storing local route: cloud-developer-hybrid-php-cms-nlzin [] []
[2017-09-13 09:42:53] task_log.INFO: Reconcile Web Forwards - Routes: 1 [] []
[2017-09-13 09:42:54] task_log.INFO: Reconcile Web Forwards - Route local update: cloud-developer-hybrid-php-cms-nlzin [] []
[2017-09-13 09:42:54] task_log.INFO: Reconcile Web Forwards - Route good updating local upstream: cloud-developer-hybrid-php-cms-nlzin [] []
[2017-09-13 09:42:54] task_log.INFO: Reconcile Web Forwards - Storing local route: cloud-developer-hybrid-php-cms-nlzin [] []
[2017-09-13 10:01:20] task_log.INFO: Reconcile Web Forwards - Routes: 1 [] []
[2017-09-13 10:01:20] task_log.INFO: Reconcile Web Forwards - Route local update: cloud-developer-hybrid-php-cms-d7gig [] []
[2017-09-13 10:01:20] task_log.INFO: Reconcile Web Forwards - Route good updating local upstream: cloud-developer-hybrid-php-cms-d7gig [] []
[2017-09-13 10:01:20] task_log.INFO: Reconcile Web Forwards - Storing local route: cloud-developer-hybrid-php-cms-d7gig [] []
[2017-09-13 10:08:59] task_log.INFO: Reconcile Web Forwards - Routes: 1 [] []
[2017-09-13 10:09:03] task_log.INFO: Reconcile Web Forwards - Route local update: cloud-developer-hybrid-php-cms-mzdtg [] []
[2017-09-13 10:09:03] task_log.INFO: Reconcile Web Forwards - Route remote still has 127.0.0.1 IP: cloud-developer-hybrid-php-cms-mzdtg [] []
[2017-09-13 10:09:03] task_log.INFO: Reconcile Web Forwards - Storing local route: cloud-developer-hybrid-php-cms-mzdtg [] []
[2017-09-13 10:09:57] task_log.INFO: Reconcile Web Forwards - Routes: 1 [] []
[2017-09-13 10:09:57] task_log.INFO: Reconcile Web Forwards - Route local update: cloud-developer-hybrid-php-cms-mzdtg [] []
[2017-09-13 10:09:57] task_log.INFO: Reconcile Web Forwards - Route remote still has 127.0.0.1 IP: cloud-developer-hybrid-php-cms-mzdtg [] []
[2017-09-13 10:09:57] task_log.INFO: Reconcile Web Forwards - Storing local route: cloud-developer-hybrid-php-cms-mzdtg [] []
[2017-09-13 10:10:56] task_log.INFO: Reconcile Web Forwards - Routes: 1 [] []
[2017-09-13 10:10:56] task_log.INFO: Reconcile Web Forwards - Route local update: cloud-developer-hybrid-php-cms-mzdtg [] []
[2017-09-13 10:10:56] task_log.INFO: Reconcile Web Forwards - Route remote still has 127.0.0.1 IP: cloud-developer-hybrid-php-cms-mzdtg [] []
[2017-09-13 10:10:56] task_log.INFO: Reconcile Web Forwards - Storing local route: cloud-developer-hybrid-php-cms-mzdtg [] []
[2017-09-13 10:11:54] task_log.INFO: Reconcile Web Forwards - Routes: 1 [] []
[2017-09-13 10:11:54] task_log.INFO: Reconcile Web Forwards - Route local update: cloud-developer-hybrid-php-cms-mzdtg [] []
[2017-09-13 10:11:54] task_log.INFO: Reconcile Web Forwards - Route remote still has 127.0.0.1 IP: cloud-developer-hybrid-php-cms-mzdtg [] []
[2017-09-13 10:11:54] task_log.INFO: Reconcile Web Forwards - Storing local route: cloud-developer-hybrid-php-cms-mzdtg [] []
[2017-09-13 10:12:50] task_log.INFO: Reconcile Web Forwards - Routes: 1 [] []
[2017-09-13 10:12:50] task_log.INFO: Reconcile Web Forwards - Route local update: cloud-developer-hybrid-php-cms-mzdtg [] []
[2017-09-13 10:12:50] task_log.INFO: Reconcile Web Forwards - Route good updating local upstream: cloud-developer-hybrid-php-cms-mzdtg [] []
[2017-09-13 10:12:50] task_log.INFO: Reconcile Web Forwards - Storing local route: cloud-developer-hybrid-php-cms-mzdtg [] []
[2017-09-13 10:20:34] task_log.INFO: Reconcile Web Forwards - Routes: 1 [] []
[2017-09-13 10:20:34] task_log.INFO: Reconcile Web Forwards - Route local update: cloud-developer-hybrid-php-cms-o6eh4 [] []
[2017-09-13 10:20:34] task_log.INFO: Reconcile Web Forwards - Route remote still has 127.0.0.1 IP: cloud-developer-hybrid-php-cms-o6eh4 [] []
[2017-09-13 10:20:34] task_log.INFO: Reconcile Web Forwards - Storing local route: cloud-developer-hybrid-php-cms-o6eh4 [] []
[2017-09-13 10:21:34] task_log.INFO: Reconcile Web Forwards - Routes: 1 [] []
[2017-09-13 10:21:34] task_log.INFO: Reconcile Web Forwards - Route local update: cloud-developer-hybrid-php-cms-o6eh4 [] []
[2017-09-13 10:21:34] task_log.INFO: Reconcile Web Forwards - Route remote still has 127.0.0.1 IP: cloud-developer-hybrid-php-cms-o6eh4 [] []
[2017-09-13 10:21:34] task_log.INFO: Reconcile Web Forwards - Storing local route: cloud-developer-hybrid-php-cms-o6eh4 [] []
[2017-09-13 10:22:31] task_log.INFO: Reconcile Web Forwards - Routes: 1 [] []
[2017-09-13 10:22:31] task_log.INFO: Reconcile Web Forwards - Route local update: cloud-developer-hybrid-php-cms-o6eh4 [] []
[2017-09-13 10:22:31] task_log.INFO: Reconcile Web Forwards - Route good updating local upstream: cloud-developer-hybrid-php-cms-o6eh4 [] []
[2017-09-13 10:22:31] task_log.INFO: Reconcile Web Forwards - Storing local route: cloud-developer-hybrid-php-cms-o6eh4 [] []
[2017-09-13 10:33:06] task_log.INFO: Reconcile Web Forwards - Routes: 1 [] []
[2017-09-13 10:33:06] task_log.INFO: Reconcile Web Forwards - Route local update: cloud-developer-hybrid-php-cms-e7rt0 [] []
[2017-09-13 10:33:06] task_log.INFO: Reconcile Web Forwards - Route remote still has 127.0.0.1 IP: cloud-developer-hybrid-php-cms-e7rt0 [] []
[2017-09-13 10:33:06] task_log.INFO: Reconcile Web Forwards - Storing local route: cloud-developer-hybrid-php-cms-e7rt0 [] []
[2017-09-13 10:34:05] task_log.INFO: Reconcile Web Forwards - Routes: 1 [] []
[2017-09-13 10:34:05] task_log.INFO: Reconcile Web Forwards - Route local update: cloud-developer-hybrid-php-cms-e7rt0 [] []
[2017-09-13 10:34:05] task_log.INFO: Reconcile Web Forwards - Route good updating local upstream: cloud-developer-hybrid-php-cms-e7rt0 [] []
[2017-09-13 10:34:05] task_log.INFO: Reconcile Web Forwards - Storing local route: cloud-developer-hybrid-php-cms-e7rt0 [] []
[2017-09-13 12:13:32] task_log.INFO: Reconcile Web Forwards - Routes: 1 [] []
[2017-09-13 12:13:33] task_log.INFO: Reconcile Web Forwards - Route local update: cloud-developer-hybrid-cms-pl5ug [] []
[2017-09-13 12:13:33] task_log.INFO: Reconcile Web Forwards - Route remote still has 127.0.0.1 IP: cloud-developer-hybrid-cms-pl5ug [] []
[2017-09-13 12:13:33] task_log.INFO: Reconcile Web Forwards - Storing local route: cloud-developer-hybrid-cms-pl5ug [] []
[2017-09-13 12:14:30] task_log.INFO: Reconcile Web Forwards - Routes: 1 [] []
[2017-09-13 12:14:30] task_log.INFO: Reconcile Web Forwards - Route local update: cloud-developer-hybrid-cms-pl5ug [] []
[2017-09-13 12:14:30] task_log.INFO: Reconcile Web Forwards - Route good updating local upstream: cloud-developer-hybrid-cms-pl5ug [] []
[2017-09-13 12:14:30] task_log.INFO: Reconcile Web Forwards - Storing local route: cloud-developer-hybrid-cms-pl5ug [] []
